{"/app/converter.js": {"path":"/app/converter.js","statementMap":{"0":{"start":{"line":1,"column":11},"end":{"line":1,"column":33}},"1":{"start":{"line":2,"column":13},"end":{"line":2,"column":28}},"2":{"start":{"line":3,"column":19},"end":{"line":3,"column":40}},"3":{"start":{"line":4,"column":18},"end":{"line":4,"column":39}},"4":{"start":{"line":5,"column":13},"end":{"line":5,"column":31}},"5":{"start":{"line":10,"column":4},"end":{"line":10,"column":67}},"6":{"start":{"line":11,"column":4},"end":{"line":11,"column":25}},"7":{"start":{"line":12,"column":4},"end":{"line":12,"column":58}},"8":{"start":{"line":16,"column":4},"end":{"line":29,"column":5}},"9":{"start":{"line":18,"column":27},"end":{"line":18,"column":72}},"10":{"start":{"line":19,"column":30},"end":{"line":19,"column":69}},"11":{"start":{"line":20,"column":6},"end":{"line":20,"column":50}},"12":{"start":{"line":23,"column":6},"end":{"line":23,"column":29}},"13":{"start":{"line":25,"column":6},"end":{"line":25,"column":51}},"14":{"start":{"line":27,"column":6},"end":{"line":27,"column":70}},"15":{"start":{"line":28,"column":6},"end":{"line":28,"column":18}},"16":{"start":{"line":33,"column":4},"end":{"line":33,"column":55}},"17":{"start":{"line":33,"column":46},"end":{"line":33,"column":53}},"18":{"start":{"line":34,"column":4},"end":{"line":34,"column":53}},"19":{"start":{"line":34,"column":46},"end":{"line":34,"column":51}},"20":{"start":{"line":35,"column":4},"end":{"line":35,"column":68}},"21":{"start":{"line":35,"column":47},"end":{"line":35,"column":66}},"22":{"start":{"line":36,"column":4},"end":{"line":40,"column":7}},"23":{"start":{"line":37,"column":6},"end":{"line":39,"column":7}},"24":{"start":{"line":38,"column":8},"end":{"line":38,"column":32}},"25":{"start":{"line":44,"column":21},"end":{"line":44,"column":41}},"26":{"start":{"line":45,"column":4},"end":{"line":47,"column":5}},"27":{"start":{"line":46,"column":6},"end":{"line":46,"column":38}},"28":{"start":{"line":49,"column":25},"end":{"line":54,"column":5}},"29":{"start":{"line":55,"column":22},"end":{"line":55,"column":51}},"30":{"start":{"line":56,"column":25},"end":{"line":56,"column":48}},"31":{"start":{"line":58,"column":4},"end":{"line":76,"column":5}},"32":{"start":{"line":59,"column":27},"end":{"line":59,"column":77}},"33":{"start":{"line":60,"column":21},"end":{"line":60,"column":60}},"34":{"start":{"line":61,"column":23},"end":{"line":61,"column":49}},"35":{"start":{"line":63,"column":6},"end":{"line":63,"column":41}},"36":{"start":{"line":64,"column":6},"end":{"line":64,"column":22}},"37":{"start":{"line":66,"column":6},"end":{"line":66,"column":108}},"38":{"start":{"line":69,"column":6},"end":{"line":72,"column":7}},"39":{"start":{"line":70,"column":8},"end":{"line":70,"column":71}},"40":{"start":{"line":71,"column":8},"end":{"line":71,"column":50}},"41":{"start":{"line":75,"column":6},"end":{"line":75,"column":120}},"42":{"start":{"line":80,"column":21},"end":{"line":80,"column":59}},"43":{"start":{"line":81,"column":4},"end":{"line":81,"column":26}},"44":{"start":{"line":85,"column":4},"end":{"line":85,"column":43}},"45":{"start":{"line":89,"column":4},"end":{"line":89,"column":54}},"46":{"start":{"line":94,"column":23},"end":{"line":94,"column":43}},"47":{"start":{"line":98,"column":2},"end":{"line":100,"column":3}},"48":{"start":{"line":99,"column":4},"end":{"line":99,"column":40}},"49":{"start":{"line":102,"column":16},"end":{"line":102,"column":44}},"50":{"start":{"line":103,"column":27},"end":{"line":103,"column":43}},"51":{"start":{"line":104,"column":17},"end":{"line":104,"column":36}},"52":{"start":{"line":106,"column":34},"end":{"line":106,"column":49}},"53":{"start":{"line":107,"column":23},"end":{"line":107,"column":42}},"54":{"start":{"line":109,"column":17},"end":{"line":109,"column":19}},"55":{"start":{"line":110,"column":21},"end":{"line":110,"column":23}},"56":{"start":{"line":112,"column":2},"end":{"line":125,"column":3}},"57":{"start":{"line":113,"column":23},"end":{"line":113,"column":45}},"58":{"start":{"line":114,"column":24},"end":{"line":114,"column":37}},"59":{"start":{"line":115,"column":4},"end":{"line":115,"column":54}},"60":{"start":{"line":117,"column":4},"end":{"line":124,"column":5}},"61":{"start":{"line":118,"column":6},"end":{"line":123,"column":9}},"62":{"start":{"line":119,"column":29},"end":{"line":119,"column":44}},"63":{"start":{"line":120,"column":8},"end":{"line":122,"column":9}},"64":{"start":{"line":121,"column":10},"end":{"line":121,"column":76}},"65":{"start":{"line":127,"column":13},"end":{"line":127,"column":27}},"66":{"start":{"line":128,"column":2},"end":{"line":135,"column":3}},"67":{"start":{"line":129,"column":4},"end":{"line":134,"column":5}},"68":{"start":{"line":130,"column":6},"end":{"line":130,"column":46}},"69":{"start":{"line":132,"column":6},"end":{"line":132,"column":73}},"70":{"start":{"line":133,"column":6},"end":{"line":133,"column":26}},"71":{"start":{"line":137,"column":2},"end":{"line":155,"column":4}},"72":{"start":{"line":159,"column":2},"end":{"line":161,"column":3}},"73":{"start":{"line":160,"column":4},"end":{"line":160,"column":40}},"74":{"start":{"line":163,"column":17},"end":{"line":163,"column":45}},"75":{"start":{"line":165,"column":2},"end":{"line":198,"column":3}},"76":{"start":{"line":166,"column":4},"end":{"line":166,"column":61}},"77":{"start":{"line":167,"column":16},"end":{"line":167,"column":35}},"78":{"start":{"line":169,"column":15},"end":{"line":169,"column":29}},"79":{"start":{"line":170,"column":4},"end":{"line":177,"column":5}},"80":{"start":{"line":171,"column":6},"end":{"line":176,"column":7}},"81":{"start":{"line":172,"column":8},"end":{"line":172,"column":42}},"82":{"start":{"line":174,"column":8},"end":{"line":174,"column":71}},"83":{"start":{"line":175,"column":8},"end":{"line":175,"column":22}},"84":{"start":{"line":179,"column":4},"end":{"line":195,"column":6}},"85":{"start":{"line":197,"column":4},"end":{"line":197,"column":49}},"86":{"start":{"line":202,"column":2},"end":{"line":204,"column":3}},"87":{"start":{"line":203,"column":4},"end":{"line":203,"column":41}},"88":{"start":{"line":206,"column":20},"end":{"line":206,"column":54}},"89":{"start":{"line":207,"column":26},"end":{"line":207,"column":48}},"90":{"start":{"line":208,"column":29},"end":{"line":208,"column":51}},"91":{"start":{"line":210,"column":32},"end":{"line":210,"column":34}},"92":{"start":{"line":211,"column":20},"end":{"line":211,"column":22}},"93":{"start":{"line":212,"column":17},"end":{"line":212,"column":19}},"94":{"start":{"line":214,"column":2},"end":{"line":230,"column":3}},"95":{"start":{"line":215,"column":4},"end":{"line":215,"column":40}},"96":{"start":{"line":216,"column":9},"end":{"line":230,"column":3}},"97":{"start":{"line":217,"column":4},"end":{"line":217,"column":70}},"98":{"start":{"line":218,"column":4},"end":{"line":218,"column":59}},"99":{"start":{"line":219,"column":9},"end":{"line":230,"column":3}},"100":{"start":{"line":220,"column":4},"end":{"line":220,"column":73}},"101":{"start":{"line":221,"column":4},"end":{"line":221,"column":59}},"102":{"start":{"line":223,"column":4},"end":{"line":223,"column":70}},"103":{"start":{"line":224,"column":4},"end":{"line":229,"column":5}},"104":{"start":{"line":225,"column":6},"end":{"line":225,"column":81}},"105":{"start":{"line":226,"column":6},"end":{"line":226,"column":61}},"106":{"start":{"line":228,"column":6},"end":{"line":228,"column":61}},"107":{"start":{"line":232,"column":33},"end":{"line":232,"column":67}},"108":{"start":{"line":233,"column":2},"end":{"line":235,"column":3}},"109":{"start":{"line":234,"column":4},"end":{"line":234,"column":82}},"110":{"start":{"line":237,"column":26},"end":{"line":237,"column":47}},"111":{"start":{"line":238,"column":15},"end":{"line":238,"column":36}},"112":{"start":{"line":239,"column":2},"end":{"line":241,"column":3}},"113":{"start":{"line":240,"column":4},"end":{"line":240,"column":64}},"114":{"start":{"line":243,"column":17},"end":{"line":243,"column":19}},"115":{"start":{"line":244,"column":2},"end":{"line":253,"column":3}},"116":{"start":{"line":245,"column":4},"end":{"line":252,"column":7}},"117":{"start":{"line":246,"column":6},"end":{"line":251,"column":7}},"118":{"start":{"line":247,"column":34},"end":{"line":247,"column":49}},"119":{"start":{"line":248,"column":8},"end":{"line":250,"column":9}},"120":{"start":{"line":249,"column":10},"end":{"line":249,"column":70}},"121":{"start":{"line":255,"column":13},"end":{"line":255,"column":28}},"122":{"start":{"line":256,"column":2},"end":{"line":263,"column":3}},"123":{"start":{"line":257,"column":4},"end":{"line":262,"column":5}},"124":{"start":{"line":258,"column":6},"end":{"line":258,"column":42}},"125":{"start":{"line":260,"column":6},"end":{"line":260,"column":81}},"126":{"start":{"line":261,"column":6},"end":{"line":261,"column":30}},"127":{"start":{"line":265,"column":2},"end":{"line":279,"column":4}},"128":{"start":{"line":283,"column":2},"end":{"line":285,"column":3}},"129":{"start":{"line":284,"column":4},"end":{"line":284,"column":46}},"130":{"start":{"line":287,"column":24},"end":{"line":287,"column":41}},"131":{"start":{"line":288,"column":19},"end":{"line":288,"column":80}},"132":{"start":{"line":289,"column":16},"end":{"line":289,"column":106}},"133":{"start":{"line":291,"column":31},"end":{"line":291,"column":47}},"134":{"start":{"line":292,"column":33},"end":{"line":292,"column":52}},"135":{"start":{"line":293,"column":36},"end":{"line":293,"column":61}},"136":{"start":{"line":294,"column":15},"end":{"line":294,"column":37}},"137":{"start":{"line":296,"column":15},"end":{"line":296,"column":39}},"138":{"start":{"line":297,"column":17},"end":{"line":297,"column":19}},"139":{"start":{"line":298,"column":2},"end":{"line":305,"column":3}},"140":{"start":{"line":299,"column":20},"end":{"line":299,"column":68}},"141":{"start":{"line":300,"column":19},"end":{"line":300,"column":40}},"142":{"start":{"line":301,"column":4},"end":{"line":301,"column":15}},"143":{"start":{"line":302,"column":4},"end":{"line":302,"column":17}},"144":{"start":{"line":304,"column":4},"end":{"line":304,"column":59}},"145":{"start":{"line":307,"column":15},"end":{"line":307,"column":17}},"146":{"start":{"line":308,"column":20},"end":{"line":308,"column":22}},"147":{"start":{"line":309,"column":13},"end":{"line":309,"column":15}},"148":{"start":{"line":310,"column":17},"end":{"line":310,"column":19}},"149":{"start":{"line":312,"column":2},"end":{"line":322,"column":3}},"150":{"start":{"line":313,"column":19},"end":{"line":313,"column":60}},"151":{"start":{"line":314,"column":22},"end":{"line":314,"column":48}},"152":{"start":{"line":315,"column":4},"end":{"line":319,"column":5}},"153":{"start":{"line":316,"column":20},"end":{"line":316,"column":40}},"154":{"start":{"line":317,"column":6},"end":{"line":317,"column":24}},"155":{"start":{"line":318,"column":6},"end":{"line":318,"column":45}},"156":{"start":{"line":320,"column":4},"end":{"line":320,"column":36}},"157":{"start":{"line":321,"column":4},"end":{"line":321,"column":45}},"158":{"start":{"line":324,"column":13},"end":{"line":324,"column":24}},"159":{"start":{"line":325,"column":2},"end":{"line":332,"column":3}},"160":{"start":{"line":326,"column":4},"end":{"line":331,"column":5}},"161":{"start":{"line":327,"column":6},"end":{"line":327,"column":42}},"162":{"start":{"line":329,"column":6},"end":{"line":329,"column":70}},"163":{"start":{"line":330,"column":6},"end":{"line":330,"column":22}},"164":{"start":{"line":334,"column":2},"end":{"line":345,"column":4}},"165":{"start":{"line":349,"column":2},"end":{"line":351,"column":3}},"166":{"start":{"line":350,"column":4},"end":{"line":350,"column":55}},"167":{"start":{"line":353,"column":2},"end":{"line":355,"column":3}},"168":{"start":{"line":354,"column":4},"end":{"line":354,"column":40}},"169":{"start":{"line":357,"column":2},"end":{"line":357,"column":59}},"170":{"start":{"line":357,"column":35},"end":{"line":357,"column":59}},"171":{"start":{"line":358,"column":2},"end":{"line":358,"column":59}},"172":{"start":{"line":358,"column":35},"end":{"line":358,"column":59}},"173":{"start":{"line":359,"column":2},"end":{"line":359,"column":61}},"174":{"start":{"line":359,"column":36},"end":{"line":359,"column":61}},"175":{"start":{"line":360,"column":2},"end":{"line":360,"column":53}},"176":{"start":{"line":360,"column":32},"end":{"line":360,"column":53}},"177":{"start":{"line":362,"column":2},"end":{"line":362,"column":79}},"178":{"start":{"line":367,"column":22},"end":{"line":374,"column":3}},"179":{"start":{"line":376,"column":2},"end":{"line":481,"column":3}},"180":{"start":{"line":378,"column":6},"end":{"line":378,"column":37}},"181":{"start":{"line":379,"column":6},"end":{"line":379,"column":83}},"182":{"start":{"line":380,"column":6},"end":{"line":393,"column":7}},"183":{"start":{"line":381,"column":8},"end":{"line":381,"column":60}},"184":{"start":{"line":381,"column":24},"end":{"line":381,"column":60}},"185":{"start":{"line":382,"column":8},"end":{"line":382,"column":86}},"186":{"start":{"line":382,"column":25},"end":{"line":382,"column":86}},"187":{"start":{"line":382,"column":76},"end":{"line":382,"column":84}},"188":{"start":{"line":383,"column":8},"end":{"line":383,"column":59}},"189":{"start":{"line":383,"column":23},"end":{"line":383,"column":59}},"190":{"start":{"line":385,"column":8},"end":{"line":392,"column":9}},"191":{"start":{"line":386,"column":10},"end":{"line":386,"column":56}},"192":{"start":{"line":387,"column":10},"end":{"line":387,"column":65}},"193":{"start":{"line":387,"column":26},"end":{"line":387,"column":65}},"194":{"start":{"line":388,"column":10},"end":{"line":388,"column":63}},"195":{"start":{"line":388,"column":26},"end":{"line":388,"column":63}},"196":{"start":{"line":389,"column":10},"end":{"line":389,"column":63}},"197":{"start":{"line":389,"column":26},"end":{"line":389,"column":63}},"198":{"start":{"line":390,"column":15},"end":{"line":392,"column":9}},"199":{"start":{"line":391,"column":10},"end":{"line":391,"column":58}},"200":{"start":{"line":391,"column":27},"end":{"line":391,"column":58}},"201":{"start":{"line":394,"column":6},"end":{"line":402,"column":7}},"202":{"start":{"line":395,"column":8},"end":{"line":395,"column":35}},"203":{"start":{"line":396,"column":8},"end":{"line":396,"column":52}},"204":{"start":{"line":397,"column":8},"end":{"line":399,"column":9}},"205":{"start":{"line":398,"column":10},"end":{"line":398,"column":67}},"206":{"start":{"line":400,"column":13},"end":{"line":402,"column":7}},"207":{"start":{"line":401,"column":8},"end":{"line":401,"column":36}},"208":{"start":{"line":403,"column":6},"end":{"line":403,"column":12}},"209":{"start":{"line":406,"column":6},"end":{"line":406,"column":37}},"210":{"start":{"line":407,"column":6},"end":{"line":407,"column":43}},"211":{"start":{"line":408,"column":6},"end":{"line":408,"column":43}},"212":{"start":{"line":409,"column":6},"end":{"line":409,"column":37}},"213":{"start":{"line":410,"column":6},"end":{"line":414,"column":7}},"214":{"start":{"line":411,"column":8},"end":{"line":411,"column":60}},"215":{"start":{"line":411,"column":24},"end":{"line":411,"column":60}},"216":{"start":{"line":412,"column":8},"end":{"line":412,"column":86}},"217":{"start":{"line":412,"column":25},"end":{"line":412,"column":86}},"218":{"start":{"line":412,"column":76},"end":{"line":412,"column":84}},"219":{"start":{"line":413,"column":8},"end":{"line":413,"column":59}},"220":{"start":{"line":413,"column":23},"end":{"line":413,"column":59}},"221":{"start":{"line":415,"column":6},"end":{"line":423,"column":7}},"222":{"start":{"line":416,"column":8},"end":{"line":416,"column":35}},"223":{"start":{"line":417,"column":8},"end":{"line":417,"column":52}},"224":{"start":{"line":418,"column":8},"end":{"line":420,"column":9}},"225":{"start":{"line":419,"column":10},"end":{"line":419,"column":67}},"226":{"start":{"line":421,"column":13},"end":{"line":423,"column":7}},"227":{"start":{"line":422,"column":8},"end":{"line":422,"column":36}},"228":{"start":{"line":424,"column":6},"end":{"line":424,"column":12}},"229":{"start":{"line":427,"column":6},"end":{"line":427,"column":45}},"230":{"start":{"line":428,"column":6},"end":{"line":428,"column":29}},"231":{"start":{"line":429,"column":6},"end":{"line":429,"column":51}},"232":{"start":{"line":429,"column":22},"end":{"line":429,"column":51}},"233":{"start":{"line":430,"column":6},"end":{"line":430,"column":84}},"234":{"start":{"line":430,"column":23},"end":{"line":430,"column":84}},"235":{"start":{"line":430,"column":74},"end":{"line":430,"column":82}},"236":{"start":{"line":431,"column":6},"end":{"line":431,"column":57}},"237":{"start":{"line":431,"column":21},"end":{"line":431,"column":57}},"238":{"start":{"line":434,"column":6},"end":{"line":443,"column":7}},"239":{"start":{"line":435,"column":8},"end":{"line":435,"column":35}},"240":{"start":{"line":436,"column":8},"end":{"line":436,"column":52}},"241":{"start":{"line":437,"column":8},"end":{"line":439,"column":9}},"242":{"start":{"line":438,"column":10},"end":{"line":438,"column":67}},"243":{"start":{"line":440,"column":13},"end":{"line":443,"column":7}},"244":{"start":{"line":442,"column":8},"end":{"line":442,"column":36}},"245":{"start":{"line":444,"column":6},"end":{"line":444,"column":12}},"246":{"start":{"line":447,"column":6},"end":{"line":447,"column":41}},"247":{"start":{"line":448,"column":6},"end":{"line":448,"column":45}},"248":{"start":{"line":449,"column":6},"end":{"line":476,"column":7}},"249":{"start":{"line":450,"column":8},"end":{"line":450,"column":43}},"250":{"start":{"line":452,"column":21},"end":{"line":452,"column":23}},"251":{"start":{"line":453,"column":8},"end":{"line":465,"column":9}},"252":{"start":{"line":454,"column":12},"end":{"line":464,"column":15}},"253":{"start":{"line":455,"column":16},"end":{"line":463,"column":17}},"254":{"start":{"line":456,"column":47},"end":{"line":456,"column":62}},"255":{"start":{"line":457,"column":34},"end":{"line":457,"column":52}},"256":{"start":{"line":458,"column":20},"end":{"line":462,"column":21}},"257":{"start":{"line":459,"column":24},"end":{"line":459,"column":41}},"258":{"start":{"line":460,"column":27},"end":{"line":462,"column":21}},"259":{"start":{"line":461,"column":24},"end":{"line":461,"column":42}},"260":{"start":{"line":467,"column":8},"end":{"line":475,"column":9}},"261":{"start":{"line":468,"column":12},"end":{"line":468,"column":46}},"262":{"start":{"line":469,"column":15},"end":{"line":475,"column":9}},"263":{"start":{"line":471,"column":12},"end":{"line":474,"column":14}},"264":{"start":{"line":477,"column":6},"end":{"line":477,"column":12}},"265":{"start":{"line":480,"column":6},"end":{"line":480,"column":93}},"266":{"start":{"line":486,"column":2},"end":{"line":486,"column":56}},"267":{"start":{"line":490,"column":2},"end":{"line":540,"column":3}},"268":{"start":{"line":492,"column":22},"end":{"line":492,"column":66}},"269":{"start":{"line":493,"column":6},"end":{"line":499,"column":7}},"270":{"start":{"line":494,"column":8},"end":{"line":494,"column":53}},"271":{"start":{"line":495,"column":8},"end":{"line":495,"column":61}},"272":{"start":{"line":495,"column":24},"end":{"line":495,"column":61}},"273":{"start":{"line":496,"column":8},"end":{"line":496,"column":83}},"274":{"start":{"line":496,"column":22},"end":{"line":496,"column":83}},"275":{"start":{"line":497,"column":13},"end":{"line":499,"column":7}},"276":{"start":{"line":498,"column":8},"end":{"line":498,"column":53}},"277":{"start":{"line":500,"column":6},"end":{"line":500,"column":60}},"278":{"start":{"line":500,"column":23},"end":{"line":500,"column":60}},"279":{"start":{"line":501,"column":6},"end":{"line":504,"column":7}},"280":{"start":{"line":502,"column":8},"end":{"line":502,"column":57}},"281":{"start":{"line":503,"column":8},"end":{"line":503,"column":87}},"282":{"start":{"line":503,"column":32},"end":{"line":503,"column":87}},"283":{"start":{"line":505,"column":6},"end":{"line":505,"column":109}},"284":{"start":{"line":508,"column":22},"end":{"line":508,"column":66}},"285":{"start":{"line":509,"column":6},"end":{"line":513,"column":7}},"286":{"start":{"line":510,"column":8},"end":{"line":510,"column":53}},"287":{"start":{"line":511,"column":8},"end":{"line":511,"column":61}},"288":{"start":{"line":511,"column":24},"end":{"line":511,"column":61}},"289":{"start":{"line":512,"column":8},"end":{"line":512,"column":83}},"290":{"start":{"line":512,"column":22},"end":{"line":512,"column":83}},"291":{"start":{"line":514,"column":6},"end":{"line":517,"column":7}},"292":{"start":{"line":515,"column":8},"end":{"line":515,"column":57}},"293":{"start":{"line":516,"column":8},"end":{"line":516,"column":87}},"294":{"start":{"line":516,"column":32},"end":{"line":516,"column":87}},"295":{"start":{"line":518,"column":6},"end":{"line":518,"column":109}},"296":{"start":{"line":521,"column":23},"end":{"line":521,"column":67}},"297":{"start":{"line":522,"column":6},"end":{"line":522,"column":42}},"298":{"start":{"line":523,"column":6},"end":{"line":523,"column":60}},"299":{"start":{"line":523,"column":22},"end":{"line":523,"column":60}},"300":{"start":{"line":524,"column":6},"end":{"line":524,"column":82}},"301":{"start":{"line":524,"column":20},"end":{"line":524,"column":82}},"302":{"start":{"line":525,"column":6},"end":{"line":528,"column":7}},"303":{"start":{"line":526,"column":8},"end":{"line":526,"column":58}},"304":{"start":{"line":527,"column":8},"end":{"line":527,"column":88}},"305":{"start":{"line":527,"column":32},"end":{"line":527,"column":88}},"306":{"start":{"line":529,"column":6},"end":{"line":529,"column":115}},"307":{"start":{"line":532,"column":6},"end":{"line":536,"column":7}},"308":{"start":{"line":533,"column":8},"end":{"line":533,"column":191}},"309":{"start":{"line":535,"column":8},"end":{"line":535,"column":107}},"310":{"start":{"line":539,"column":6},"end":{"line":539,"column":68}},"311":{"start":{"line":544,"column":2},"end":{"line":592,"column":3}},"312":{"start":{"line":546,"column":24},"end":{"line":546,"column":68}},"313":{"start":{"line":547,"column":6},"end":{"line":553,"column":7}},"314":{"start":{"line":548,"column":8},"end":{"line":548,"column":55}},"315":{"start":{"line":549,"column":8},"end":{"line":549,"column":63}},"316":{"start":{"line":549,"column":24},"end":{"line":549,"column":63}},"317":{"start":{"line":550,"column":8},"end":{"line":550,"column":70}},"318":{"start":{"line":550,"column":22},"end":{"line":550,"column":70}},"319":{"start":{"line":551,"column":13},"end":{"line":553,"column":7}},"320":{"start":{"line":552,"column":8},"end":{"line":552,"column":55}},"321":{"start":{"line":554,"column":6},"end":{"line":554,"column":62}},"322":{"start":{"line":554,"column":23},"end":{"line":554,"column":62}},"323":{"start":{"line":555,"column":6},"end":{"line":558,"column":7}},"324":{"start":{"line":556,"column":8},"end":{"line":556,"column":59}},"325":{"start":{"line":557,"column":8},"end":{"line":557,"column":88}},"326":{"start":{"line":557,"column":32},"end":{"line":557,"column":88}},"327":{"start":{"line":559,"column":6},"end":{"line":559,"column":125}},"328":{"start":{"line":562,"column":24},"end":{"line":562,"column":68}},"329":{"start":{"line":563,"column":6},"end":{"line":567,"column":7}},"330":{"start":{"line":564,"column":8},"end":{"line":564,"column":64}},"331":{"start":{"line":565,"column":8},"end":{"line":565,"column":63}},"332":{"start":{"line":565,"column":24},"end":{"line":565,"column":63}},"333":{"start":{"line":566,"column":8},"end":{"line":566,"column":70}},"334":{"start":{"line":566,"column":22},"end":{"line":566,"column":70}},"335":{"start":{"line":568,"column":6},"end":{"line":571,"column":7}},"336":{"start":{"line":569,"column":8},"end":{"line":569,"column":59}},"337":{"start":{"line":570,"column":8},"end":{"line":570,"column":88}},"338":{"start":{"line":570,"column":32},"end":{"line":570,"column":88}},"339":{"start":{"line":572,"column":6},"end":{"line":572,"column":125}},"340":{"start":{"line":575,"column":25},"end":{"line":575,"column":69}},"341":{"start":{"line":576,"column":6},"end":{"line":576,"column":64}},"342":{"start":{"line":577,"column":6},"end":{"line":577,"column":62}},"343":{"start":{"line":577,"column":22},"end":{"line":577,"column":62}},"344":{"start":{"line":578,"column":6},"end":{"line":578,"column":69}},"345":{"start":{"line":578,"column":20},"end":{"line":578,"column":69}},"346":{"start":{"line":579,"column":6},"end":{"line":582,"column":7}},"347":{"start":{"line":580,"column":8},"end":{"line":580,"column":60}},"348":{"start":{"line":581,"column":8},"end":{"line":581,"column":89}},"349":{"start":{"line":581,"column":32},"end":{"line":581,"column":89}},"350":{"start":{"line":583,"column":6},"end":{"line":583,"column":118}},"351":{"start":{"line":586,"column":21},"end":{"line":586,"column":83}},"352":{"start":{"line":587,"column":6},"end":{"line":587,"column":89}},"353":{"start":{"line":587,"column":23},"end":{"line":587,"column":89}},"354":{"start":{"line":588,"column":6},"end":{"line":588,"column":144}},"355":{"start":{"line":591,"column":6},"end":{"line":591,"column":73}},"356":{"start":{"line":596,"column":13},"end":{"line":601,"column":3}},"357":{"start":{"line":603,"column":2},"end":{"line":677,"column":3}},"358":{"start":{"line":604,"column":6},"end":{"line":604,"column":30}},"359":{"start":{"line":605,"column":6},"end":{"line":605,"column":66}},"360":{"start":{"line":605,"column":35},"end":{"line":605,"column":66}},"361":{"start":{"line":607,"column":6},"end":{"line":613,"column":7}},"362":{"start":{"line":608,"column":10},"end":{"line":612,"column":12}},"363":{"start":{"line":615,"column":6},"end":{"line":620,"column":7}},"364":{"start":{"line":616,"column":10},"end":{"line":619,"column":12}},"365":{"start":{"line":622,"column":6},"end":{"line":641,"column":7}},"366":{"start":{"line":623,"column":10},"end":{"line":627,"column":12}},"367":{"start":{"line":628,"column":10},"end":{"line":630,"column":11}},"368":{"start":{"line":629,"column":14},"end":{"line":629,"column":87}},"369":{"start":{"line":629,"column":62},"end":{"line":629,"column":70}},"370":{"start":{"line":629,"column":84},"end":{"line":629,"column":85}},"371":{"start":{"line":631,"column":10},"end":{"line":638,"column":11}},"372":{"start":{"line":632,"column":14},"end":{"line":632,"column":84}},"373":{"start":{"line":633,"column":14},"end":{"line":633,"column":97}},"374":{"start":{"line":634,"column":14},"end":{"line":634,"column":48}},"375":{"start":{"line":635,"column":17},"end":{"line":638,"column":11}},"376":{"start":{"line":636,"column":14},"end":{"line":636,"column":84}},"377":{"start":{"line":637,"column":14},"end":{"line":637,"column":59}},"378":{"start":{"line":637,"column":31},"end":{"line":637,"column":59}},"379":{"start":{"line":640,"column":10},"end":{"line":640,"column":40}},"380":{"start":{"line":642,"column":6},"end":{"line":644,"column":7}},"381":{"start":{"line":643,"column":10},"end":{"line":643,"column":40}},"382":{"start":{"line":646,"column":9},"end":{"line":677,"column":3}},"383":{"start":{"line":647,"column":6},"end":{"line":647,"column":38}},"384":{"start":{"line":649,"column":6},"end":{"line":655,"column":7}},"385":{"start":{"line":650,"column":10},"end":{"line":654,"column":12}},"386":{"start":{"line":657,"column":6},"end":{"line":662,"column":8}},"387":{"start":{"line":663,"column":6},"end":{"line":665,"column":7}},"388":{"start":{"line":664,"column":10},"end":{"line":664,"column":83}},"389":{"start":{"line":664,"column":58},"end":{"line":664,"column":66}},"390":{"start":{"line":664,"column":80},"end":{"line":664,"column":81}},"391":{"start":{"line":667,"column":9},"end":{"line":677,"column":3}},"392":{"start":{"line":668,"column":6},"end":{"line":668,"column":34}},"393":{"start":{"line":669,"column":6},"end":{"line":669,"column":38}},"394":{"start":{"line":671,"column":6},"end":{"line":676,"column":7}},"395":{"start":{"line":672,"column":10},"end":{"line":672,"column":38}},"396":{"start":{"line":673,"column":10},"end":{"line":675,"column":11}},"397":{"start":{"line":674,"column":12},"end":{"line":674,"column":50}},"398":{"start":{"line":679,"column":2},"end":{"line":679,"column":39}},"399":{"start":{"line":684,"column":2},"end":{"line":684,"column":85}},"400":{"start":{"line":685,"column":2},"end":{"line":685,"column":66}},"401":{"start":{"line":687,"column":2},"end":{"line":690,"column":3}},"402":{"start":{"line":688,"column":6},"end":{"line":688,"column":59}},"403":{"start":{"line":689,"column":6},"end":{"line":689,"column":49}},"404":{"start":{"line":692,"column":25},"end":{"line":692,"column":89}},"405":{"start":{"line":692,"column":54},"end":{"line":692,"column":62}},"406":{"start":{"line":692,"column":76},"end":{"line":692,"column":88}},"407":{"start":{"line":693,"column":25},"end":{"line":693,"column":27}},"408":{"start":{"line":695,"column":2},"end":{"line":703,"column":3}},"409":{"start":{"line":695,"column":15},"end":{"line":695,"column":16}},"410":{"start":{"line":696,"column":19},"end":{"line":696,"column":36}},"411":{"start":{"line":697,"column":6},"end":{"line":702,"column":7}},"412":{"start":{"line":698,"column":10},"end":{"line":698,"column":71}},"413":{"start":{"line":699,"column":10},"end":{"line":699,"column":36}},"414":{"start":{"line":701,"column":10},"end":{"line":701,"column":119}},"415":{"start":{"line":705,"column":2},"end":{"line":705,"column":136}},"416":{"start":{"line":705,"column":84},"end":{"line":705,"column":133}},"417":{"start":{"line":706,"column":2},"end":{"line":706,"column":66}},"418":{"start":{"line":708,"column":2},"end":{"line":710,"column":3}},"419":{"start":{"line":709,"column":6},"end":{"line":709,"column":78}},"420":{"start":{"line":712,"column":2},"end":{"line":712,"column":24}},"421":{"start":{"line":716,"column":18},"end":{"line":716,"column":20}},"422":{"start":{"line":718,"column":2},"end":{"line":749,"column":3}},"423":{"start":{"line":718,"column":15},"end":{"line":718,"column":16}},"424":{"start":{"line":719,"column":23},"end":{"line":719,"column":31}},"425":{"start":{"line":721,"column":4},"end":{"line":748,"column":5}},"426":{"start":{"line":722,"column":21},"end":{"line":722,"column":45}},"427":{"start":{"line":723,"column":27},"end":{"line":723,"column":56}},"428":{"start":{"line":724,"column":25},"end":{"line":724,"column":76}},"429":{"start":{"line":726,"column":21},"end":{"line":730,"column":7}},"430":{"start":{"line":732,"column":22},"end":{"line":737,"column":7}},"431":{"start":{"line":739,"column":6},"end":{"line":744,"column":9}},"432":{"start":{"line":746,"column":6},"end":{"line":746,"column":102}},"433":{"start":{"line":747,"column":6},"end":{"line":747,"column":70}},"434":{"start":{"line":751,"column":2},"end":{"line":751,"column":17}},"435":{"start":{"line":756,"column":17},"end":{"line":756,"column":48}},"436":{"start":{"line":757,"column":16},"end":{"line":757,"column":63}},"437":{"start":{"line":759,"column":2},"end":{"line":763,"column":3}},"438":{"start":{"line":760,"column":4},"end":{"line":762,"column":7}},"439":{"start":{"line":765,"column":2},"end":{"line":799,"column":3}},"440":{"start":{"line":766,"column":18},"end":{"line":766,"column":37}},"441":{"start":{"line":767,"column":4},"end":{"line":769,"column":5}},"442":{"start":{"line":768,"column":8},"end":{"line":768,"column":86}},"443":{"start":{"line":771,"column":20},"end":{"line":771,"column":45}},"444":{"start":{"line":772,"column":30},"end":{"line":772,"column":59}},"445":{"start":{"line":772,"column":50},"end":{"line":772,"column":58}},"446":{"start":{"line":774,"column":4},"end":{"line":795,"column":5}},"447":{"start":{"line":775,"column":21},"end":{"line":775,"column":83}},"448":{"start":{"line":777,"column":24},"end":{"line":782,"column":7}},"449":{"start":{"line":784,"column":6},"end":{"line":784,"column":49}},"450":{"start":{"line":785,"column":6},"end":{"line":785,"column":41}},"451":{"start":{"line":786,"column":6},"end":{"line":786,"column":74}},"452":{"start":{"line":787,"column":6},"end":{"line":787,"column":23}},"453":{"start":{"line":789,"column":28},"end":{"line":792,"column":21}},"454":{"start":{"line":790,"column":21},"end":{"line":790,"column":28}},"455":{"start":{"line":791,"column":18},"end":{"line":791,"column":54}},"456":{"start":{"line":794,"column":6},"end":{"line":794,"column":79}},"457":{"start":{"line":797,"column":4},"end":{"line":797,"column":84}},"458":{"start":{"line":798,"column":4},"end":{"line":798,"column":51}},"459":{"start":{"line":803,"column":19},"end":{"line":803,"column":50}},"460":{"start":{"line":805,"column":4},"end":{"line":809,"column":5}},"461":{"start":{"line":806,"column":8},"end":{"line":808,"column":11}},"462":{"start":{"line":811,"column":4},"end":{"line":846,"column":5}},"463":{"start":{"line":812,"column":22},"end":{"line":812,"column":41}},"464":{"start":{"line":813,"column":8},"end":{"line":815,"column":9}},"465":{"start":{"line":814,"column":12},"end":{"line":814,"column":90}},"466":{"start":{"line":817,"column":24},"end":{"line":817,"column":49}},"467":{"start":{"line":818,"column":34},"end":{"line":818,"column":63}},"468":{"start":{"line":818,"column":54},"end":{"line":818,"column":62}},"469":{"start":{"line":820,"column":8},"end":{"line":842,"column":9}},"470":{"start":{"line":821,"column":37},"end":{"line":830,"column":13}},"471":{"start":{"line":822,"column":49},"end":{"line":822,"column":54}},"472":{"start":{"line":824,"column":20},"end":{"line":828,"column":21}},"473":{"start":{"line":825,"column":24},"end":{"line":825,"column":61}},"474":{"start":{"line":827,"column":24},"end":{"line":827,"column":67}},"475":{"start":{"line":832,"column":12},"end":{"line":832,"column":56}},"476":{"start":{"line":833,"column":12},"end":{"line":833,"column":78}},"477":{"start":{"line":834,"column":12},"end":{"line":834,"column":39}},"478":{"start":{"line":836,"column":34},"end":{"line":839,"column":29}},"479":{"start":{"line":837,"column":29},"end":{"line":837,"column":36}},"480":{"start":{"line":838,"column":26},"end":{"line":838,"column":62}},"481":{"start":{"line":841,"column":12},"end":{"line":841,"column":85}},"482":{"start":{"line":844,"column":8},"end":{"line":844,"column":84}},"483":{"start":{"line":845,"column":8},"end":{"line":845,"column":55}},"484":{"start":{"line":850,"column":26},"end":{"line":854,"column":1}},"485":{"start":{"line":851,"column":21},"end":{"line":851,"column":30}},"486":{"start":{"line":852,"column":4},"end":{"line":852,"column":25}},"487":{"start":{"line":852,"column":15},"end":{"line":852,"column":25}},"488":{"start":{"line":853,"column":4},"end":{"line":853,"column":36}},"489":{"start":{"line":856,"column":25},"end":{"line":860,"column":1}},"490":{"start":{"line":857,"column":22},"end":{"line":857,"column":30}},"491":{"start":{"line":858,"column":4},"end":{"line":858,"column":51}},"492":{"start":{"line":858,"column":41},"end":{"line":858,"column":51}},"493":{"start":{"line":859,"column":4},"end":{"line":859,"column":17}},"494":{"start":{"line":862,"column":29},"end":{"line":862,"column":99}},"495":{"start":{"line":862,"column":43},"end":{"line":862,"column":99}},"496":{"start":{"line":863,"column":33},"end":{"line":863,"column":102}},"497":{"start":{"line":863,"column":47},"end":{"line":863,"column":102}},"498":{"start":{"line":864,"column":25},"end":{"line":864,"column":91}},"499":{"start":{"line":864,"column":39},"end":{"line":864,"column":91}},"500":{"start":{"line":865,"column":29},"end":{"line":865,"column":94}},"501":{"start":{"line":865,"column":43},"end":{"line":865,"column":94}},"502":{"start":{"line":868,"column":17},"end":{"line":868,"column":48}},"503":{"start":{"line":869,"column":15},"end":{"line":869,"column":53}},"504":{"start":{"line":871,"column":2},"end":{"line":873,"column":3}},"505":{"start":{"line":872,"column":4},"end":{"line":872,"column":63}},"506":{"start":{"line":875,"column":2},"end":{"line":875,"column":17}},"507":{"start":{"line":880,"column":23},"end":{"line":880,"column":52}},"508":{"start":{"line":880,"column":43},"end":{"line":880,"column":51}},"509":{"start":{"line":882,"column":2},"end":{"line":893,"column":3}},"510":{"start":{"line":884,"column":6},"end":{"line":884,"column":60}},"511":{"start":{"line":886,"column":6},"end":{"line":886,"column":60}},"512":{"start":{"line":888,"column":6},"end":{"line":888,"column":65}},"513":{"start":{"line":890,"column":6},"end":{"line":890,"column":62}},"514":{"start":{"line":892,"column":6},"end":{"line":892,"column":55}},"515":{"start":{"line":897,"column":15},"end":{"line":902,"column":3}},"516":{"start":{"line":898,"column":30},"end":{"line":898,"column":45}},"517":{"start":{"line":899,"column":33},"end":{"line":899,"column":48}},"518":{"start":{"line":904,"column":2},"end":{"line":904,"column":67}},"519":{"start":{"line":908,"column":15},"end":{"line":912,"column":3}},"520":{"start":{"line":909,"column":30},"end":{"line":909,"column":45}},"521":{"start":{"line":910,"column":33},"end":{"line":910,"column":48}},"522":{"start":{"line":914,"column":2},"end":{"line":914,"column":67}},"523":{"start":{"line":918,"column":15},"end":{"line":922,"column":3}},"524":{"start":{"line":919,"column":30},"end":{"line":919,"column":50}},"525":{"start":{"line":920,"column":33},"end":{"line":920,"column":48}},"526":{"start":{"line":924,"column":2},"end":{"line":924,"column":72}},"527":{"start":{"line":928,"column":20},"end":{"line":928,"column":67}},"528":{"start":{"line":928,"column":37},"end":{"line":928,"column":66}},"529":{"start":{"line":929,"column":20},"end":{"line":929,"column":43}},"530":{"start":{"line":929,"column":37},"end":{"line":929,"column":42}},"531":{"start":{"line":931,"column":15},"end":{"line":936,"column":3}},"532":{"start":{"line":938,"column":2},"end":{"line":938,"column":69}},"533":{"start":{"line":942,"column":16},"end":{"line":942,"column":40}},"534":{"start":{"line":943,"column":17},"end":{"line":943,"column":19}},"535":{"start":{"line":945,"column":2},"end":{"line":960,"column":5}},"536":{"start":{"line":946,"column":20},"end":{"line":946,"column":31}},"537":{"start":{"line":947,"column":4},"end":{"line":959,"column":5}},"538":{"start":{"line":948,"column":6},"end":{"line":958,"column":7}},"539":{"start":{"line":949,"column":37},"end":{"line":949,"column":68}},"540":{"start":{"line":950,"column":22},"end":{"line":950,"column":49}},"541":{"start":{"line":951,"column":8},"end":{"line":951,"column":53}},"542":{"start":{"line":953,"column":37},"end":{"line":953,"column":55}},"543":{"start":{"line":954,"column":8},"end":{"line":957,"column":9}},"544":{"start":{"line":955,"column":24},"end":{"line":955,"column":51}},"545":{"start":{"line":956,"column":10},"end":{"line":956,"column":55}},"546":{"start":{"line":962,"column":2},"end":{"line":962,"column":16}},"547":{"start":{"line":966,"column":0},"end":{"line":974,"column":5}},"548":{"start":{"line":967,"column":2},"end":{"line":973,"column":3}},"549":{"start":{"line":968,"column":4},"end":{"line":968,"column":32}},"550":{"start":{"line":969,"column":4},"end":{"line":969,"column":43}},"551":{"start":{"line":971,"column":4},"end":{"line":971,"column":68}},"552":{"start":{"line":972,"column":4},"end":{"line":972,"column":20}},"553":{"start":{"line":977,"column":0},"end":{"line":992,"column":2}}},"fnMap":{"0":{"name":"(anonymous_0)","decl":{"start":{"line":9,"column":2},"end":{"line":9,"column":3}},"loc":{"start":{"line":9,"column":16},"end":{"line":13,"column":3}},"line":9},"1":{"name":"(anonymous_1)","decl":{"start":{"line":15,"column":2},"end":{"line":15,"column":3}},"loc":{"start":{"line":15,"column":15},"end":{"line":30,"column":3}},"line":15},"2":{"name":"(anonymous_2)","decl":{"start":{"line":32,"column":2},"end":{"line":32,"column":3}},"loc":{"start":{"line":32,"column":20},"end":{"line":41,"column":3}},"line":32},"3":{"name":"(anonymous_3)","decl":{"start":{"line":33,"column":36},"end":{"line":33,"column":37}},"loc":{"start":{"line":33,"column":46},"end":{"line":33,"column":53}},"line":33},"4":{"name":"(anonymous_4)","decl":{"start":{"line":34,"column":36},"end":{"line":34,"column":37}},"loc":{"start":{"line":34,"column":46},"end":{"line":34,"column":51}},"line":34},"5":{"name":"(anonymous_5)","decl":{"start":{"line":35,"column":38},"end":{"line":35,"column":39}},"loc":{"start":{"line":35,"column":47},"end":{"line":35,"column":66}},"line":35},"6":{"name":"(anonymous_6)","decl":{"start":{"line":36,"column":40},"end":{"line":36,"column":41}},"loc":{"start":{"line":36,"column":66},"end":{"line":40,"column":5}},"line":36},"7":{"name":"(anonymous_7)","decl":{"start":{"line":43,"column":2},"end":{"line":43,"column":3}},"loc":{"start":{"line":43,"column":36},"end":{"line":77,"column":3}},"line":43},"8":{"name":"(anonymous_8)","decl":{"start":{"line":79,"column":2},"end":{"line":79,"column":3}},"loc":{"start":{"line":79,"column":44},"end":{"line":82,"column":3}},"line":79},"9":{"name":"(anonymous_9)","decl":{"start":{"line":84,"column":2},"end":{"line":84,"column":3}},"loc":{"start":{"line":84,"column":26},"end":{"line":86,"column":3}},"line":84},"10":{"name":"(anonymous_10)","decl":{"start":{"line":88,"column":2},"end":{"line":88,"column":3}},"loc":{"start":{"line":88,"column":29},"end":{"line":90,"column":3}},"line":88},"11":{"name":"parseVLESS","decl":{"start":{"line":97,"column":9},"end":{"line":97,"column":19}},"loc":{"start":{"line":97,"column":26},"end":{"line":156,"column":1}},"line":97},"12":{"name":"(anonymous_12)","decl":{"start":{"line":118,"column":37},"end":{"line":118,"column":38}},"loc":{"start":{"line":118,"column":45},"end":{"line":123,"column":7}},"line":118},"13":{"name":"parseVMess","decl":{"start":{"line":158,"column":9},"end":{"line":158,"column":19}},"loc":{"start":{"line":158,"column":26},"end":{"line":199,"column":1}},"line":158},"14":{"name":"parseTrojan","decl":{"start":{"line":201,"column":9},"end":{"line":201,"column":20}},"loc":{"start":{"line":201,"column":27},"end":{"line":280,"column":1}},"line":201},"15":{"name":"(anonymous_15)","decl":{"start":{"line":245,"column":35},"end":{"line":245,"column":36}},"loc":{"start":{"line":245,"column":43},"end":{"line":252,"column":5}},"line":245},"16":{"name":"parseSS","decl":{"start":{"line":282,"column":9},"end":{"line":282,"column":16}},"loc":{"start":{"line":282,"column":23},"end":{"line":346,"column":1}},"line":282},"17":{"name":"parseAnyLink","decl":{"start":{"line":348,"column":9},"end":{"line":348,"column":21}},"loc":{"start":{"line":348,"column":28},"end":{"line":363,"column":1}},"line":348},"18":{"name":"toClash","decl":{"start":{"line":366,"column":9},"end":{"line":366,"column":16}},"loc":{"start":{"line":366,"column":25},"end":{"line":487,"column":1}},"line":366},"19":{"name":"(anonymous_19)","decl":{"start":{"line":382,"column":71},"end":{"line":382,"column":72}},"loc":{"start":{"line":382,"column":76},"end":{"line":382,"column":84}},"line":382},"20":{"name":"(anonymous_20)","decl":{"start":{"line":412,"column":71},"end":{"line":412,"column":72}},"loc":{"start":{"line":412,"column":76},"end":{"line":412,"column":84}},"line":412},"21":{"name":"(anonymous_21)","decl":{"start":{"line":430,"column":69},"end":{"line":430,"column":70}},"loc":{"start":{"line":430,"column":74},"end":{"line":430,"column":82}},"line":430},"22":{"name":"(anonymous_22)","decl":{"start":{"line":454,"column":50},"end":{"line":454,"column":51}},"loc":{"start":{"line":454,"column":58},"end":{"line":464,"column":13}},"line":454},"23":{"name":"toSurge","decl":{"start":{"line":489,"column":9},"end":{"line":489,"column":16}},"loc":{"start":{"line":489,"column":25},"end":{"line":541,"column":1}},"line":489},"24":{"name":"toQuantumult","decl":{"start":{"line":543,"column":9},"end":{"line":543,"column":21}},"loc":{"start":{"line":543,"column":30},"end":{"line":593,"column":1}},"line":543},"25":{"name":"toSingBox","decl":{"start":{"line":595,"column":9},"end":{"line":595,"column":18}},"loc":{"start":{"line":595,"column":27},"end":{"line":680,"column":1}},"line":595},"26":{"name":"(anonymous_26)","decl":{"start":{"line":629,"column":57},"end":{"line":629,"column":58}},"loc":{"start":{"line":629,"column":62},"end":{"line":629,"column":70}},"line":629},"27":{"name":"(anonymous_27)","decl":{"start":{"line":629,"column":79},"end":{"line":629,"column":80}},"loc":{"start":{"line":629,"column":84},"end":{"line":629,"column":85}},"line":629},"28":{"name":"(anonymous_28)","decl":{"start":{"line":664,"column":53},"end":{"line":664,"column":54}},"loc":{"start":{"line":664,"column":58},"end":{"line":664,"column":66}},"line":664},"29":{"name":"(anonymous_29)","decl":{"start":{"line":664,"column":75},"end":{"line":664,"column":76}},"loc":{"start":{"line":664,"column":80},"end":{"line":664,"column":81}},"line":664},"30":{"name":"extractLinks","decl":{"start":{"line":683,"column":15},"end":{"line":683,"column":27}},"loc":{"start":{"line":683,"column":38},"end":{"line":713,"column":1}},"line":683},"31":{"name":"(anonymous_31)","decl":{"start":{"line":692,"column":49},"end":{"line":692,"column":50}},"loc":{"start":{"line":692,"column":54},"end":{"line":692,"column":62}},"line":692},"32":{"name":"(anonymous_32)","decl":{"start":{"line":692,"column":71},"end":{"line":692,"column":72}},"loc":{"start":{"line":692,"column":76},"end":{"line":692,"column":88}},"line":692},"33":{"name":"(anonymous_33)","decl":{"start":{"line":705,"column":79},"end":{"line":705,"column":80}},"loc":{"start":{"line":705,"column":84},"end":{"line":705,"column":133}},"line":705},"34":{"name":"processLinks","decl":{"start":{"line":715,"column":15},"end":{"line":715,"column":27}},"loc":{"start":{"line":715,"column":51},"end":{"line":752,"column":1}},"line":715},"35":{"name":"handleGenericConvertRequest","decl":{"start":{"line":755,"column":15},"end":{"line":755,"column":42}},"loc":{"start":{"line":755,"column":63},"end":{"line":800,"column":1}},"line":755},"36":{"name":"(anonymous_36)","decl":{"start":{"line":772,"column":45},"end":{"line":772,"column":46}},"loc":{"start":{"line":772,"column":50},"end":{"line":772,"column":58}},"line":772},"37":{"name":"(anonymous_37)","decl":{"start":{"line":790,"column":16},"end":{"line":790,"column":17}},"loc":{"start":{"line":790,"column":21},"end":{"line":790,"column":28}},"line":790},"38":{"name":"(anonymous_38)","decl":{"start":{"line":791,"column":13},"end":{"line":791,"column":14}},"loc":{"start":{"line":791,"column":18},"end":{"line":791,"column":54}},"line":791},"39":{"name":"handleGenericRawRequest","decl":{"start":{"line":802,"column":15},"end":{"line":802,"column":38}},"loc":{"start":{"line":802,"column":59},"end":{"line":847,"column":1}},"line":802},"40":{"name":"(anonymous_40)","decl":{"start":{"line":818,"column":49},"end":{"line":818,"column":50}},"loc":{"start":{"line":818,"column":54},"end":{"line":818,"column":62}},"line":818},"41":{"name":"(anonymous_41)","decl":{"start":{"line":822,"column":44},"end":{"line":822,"column":45}},"loc":{"start":{"line":822,"column":49},"end":{"line":822,"column":54}},"line":822},"42":{"name":"(anonymous_42)","decl":{"start":{"line":823,"column":88},"end":{"line":823,"column":89}},"loc":{"start":{"line":823,"column":93},"end":{"line":829,"column":17}},"line":823},"43":{"name":"(anonymous_43)","decl":{"start":{"line":837,"column":24},"end":{"line":837,"column":25}},"loc":{"start":{"line":837,"column":29},"end":{"line":837,"column":36}},"line":837},"44":{"name":"(anonymous_44)","decl":{"start":{"line":838,"column":21},"end":{"line":838,"column":22}},"loc":{"start":{"line":838,"column":26},"end":{"line":838,"column":62}},"line":838},"45":{"name":"(anonymous_45)","decl":{"start":{"line":850,"column":26},"end":{"line":850,"column":27}},"loc":{"start":{"line":850,"column":41},"end":{"line":854,"column":1}},"line":850},"46":{"name":"(anonymous_46)","decl":{"start":{"line":856,"column":25},"end":{"line":856,"column":26}},"loc":{"start":{"line":856,"column":40},"end":{"line":860,"column":1}},"line":856},"47":{"name":"(anonymous_47)","decl":{"start":{"line":862,"column":29},"end":{"line":862,"column":30}},"loc":{"start":{"line":862,"column":43},"end":{"line":862,"column":99}},"line":862},"48":{"name":"(anonymous_48)","decl":{"start":{"line":863,"column":33},"end":{"line":863,"column":34}},"loc":{"start":{"line":863,"column":47},"end":{"line":863,"column":102}},"line":863},"49":{"name":"(anonymous_49)","decl":{"start":{"line":864,"column":25},"end":{"line":864,"column":26}},"loc":{"start":{"line":864,"column":39},"end":{"line":864,"column":91}},"line":864},"50":{"name":"(anonymous_50)","decl":{"start":{"line":865,"column":29},"end":{"line":865,"column":30}},"loc":{"start":{"line":865,"column":43},"end":{"line":865,"column":94}},"line":865},"51":{"name":"getTemplateInfo","decl":{"start":{"line":867,"column":9},"end":{"line":867,"column":24}},"loc":{"start":{"line":867,"column":35},"end":{"line":876,"column":1}},"line":867},"52":{"name":"generateConfigByFormat","decl":{"start":{"line":879,"column":15},"end":{"line":879,"column":37}},"loc":{"start":{"line":879,"column":62},"end":{"line":894,"column":1}},"line":879},"53":{"name":"(anonymous_53)","decl":{"start":{"line":880,"column":38},"end":{"line":880,"column":39}},"loc":{"start":{"line":880,"column":43},"end":{"line":880,"column":51}},"line":880},"54":{"name":"generateClashConfig","decl":{"start":{"line":896,"column":15},"end":{"line":896,"column":34}},"loc":{"start":{"line":896,"column":51},"end":{"line":905,"column":1}},"line":896},"55":{"name":"(anonymous_55)","decl":{"start":{"line":898,"column":25},"end":{"line":898,"column":26}},"loc":{"start":{"line":898,"column":30},"end":{"line":898,"column":45}},"line":898},"56":{"name":"(anonymous_56)","decl":{"start":{"line":899,"column":28},"end":{"line":899,"column":29}},"loc":{"start":{"line":899,"column":33},"end":{"line":899,"column":48}},"line":899},"57":{"name":"generateSurgeConfig","decl":{"start":{"line":907,"column":15},"end":{"line":907,"column":34}},"loc":{"start":{"line":907,"column":51},"end":{"line":915,"column":1}},"line":907},"58":{"name":"(anonymous_58)","decl":{"start":{"line":909,"column":25},"end":{"line":909,"column":26}},"loc":{"start":{"line":909,"column":30},"end":{"line":909,"column":45}},"line":909},"59":{"name":"(anonymous_59)","decl":{"start":{"line":910,"column":28},"end":{"line":910,"column":29}},"loc":{"start":{"line":910,"column":33},"end":{"line":910,"column":48}},"line":910},"60":{"name":"generateQuantumultConfig","decl":{"start":{"line":917,"column":15},"end":{"line":917,"column":39}},"loc":{"start":{"line":917,"column":56},"end":{"line":925,"column":1}},"line":917},"61":{"name":"(anonymous_61)","decl":{"start":{"line":919,"column":25},"end":{"line":919,"column":26}},"loc":{"start":{"line":919,"column":30},"end":{"line":919,"column":50}},"line":919},"62":{"name":"(anonymous_62)","decl":{"start":{"line":920,"column":28},"end":{"line":920,"column":29}},"loc":{"start":{"line":920,"column":33},"end":{"line":920,"column":48}},"line":920},"63":{"name":"generateSingBoxConfig","decl":{"start":{"line":927,"column":15},"end":{"line":927,"column":36}},"loc":{"start":{"line":927,"column":53},"end":{"line":939,"column":1}},"line":927},"64":{"name":"(anonymous_64)","decl":{"start":{"line":928,"column":32},"end":{"line":928,"column":33}},"loc":{"start":{"line":928,"column":37},"end":{"line":928,"column":66}},"line":928},"65":{"name":"(anonymous_65)","decl":{"start":{"line":929,"column":32},"end":{"line":929,"column":33}},"loc":{"start":{"line":929,"column":37},"end":{"line":929,"column":42}},"line":929},"66":{"name":"parseProxyConfig","decl":{"start":{"line":941,"column":9},"end":{"line":941,"column":25}},"loc":{"start":{"line":941,"column":40},"end":{"line":963,"column":1}},"line":941},"67":{"name":"(anonymous_67)","decl":{"start":{"line":945,"column":16},"end":{"line":945,"column":17}},"loc":{"start":{"line":945,"column":24},"end":{"line":960,"column":3}},"line":945},"68":{"name":"(anonymous_68)","decl":{"start":{"line":966,"column":1},"end":{"line":966,"column":2}},"loc":{"start":{"line":966,"column":13},"end":{"line":974,"column":1}},"line":966}},"branchMap":{"0":{"loc":{"start":{"line":37,"column":6},"end":{"line":39,"column":7}},"type":"if","locations":[{"start":{"line":37,"column":6},"end":{"line":39,"column":7}},{"start":{},"end":{}}],"line":37},"1":{"loc":{"start":{"line":45,"column":4},"end":{"line":47,"column":5}},"type":"if","locations":[{"start":{"line":45,"column":4},"end":{"line":47,"column":5}},{"start":{},"end":{}}],"line":45},"2":{"loc":{"start":{"line":55,"column":22},"end":{"line":55,"column":51}},"type":"binary-expr","locations":[{"start":{"line":55,"column":22},"end":{"line":55,"column":42}},{"start":{"line":55,"column":46},"end":{"line":55,"column":51}}],"line":55},"3":{"loc":{"start":{"line":69,"column":6},"end":{"line":72,"column":7}},"type":"if","locations":[{"start":{"line":69,"column":6},"end":{"line":72,"column":7}},{"start":{},"end":{}}],"line":69},"4":{"loc":{"start":{"line":85,"column":11},"end":{"line":85,"column":42}},"type":"binary-expr","locations":[{"start":{"line":85,"column":11},"end":{"line":85,"column":34}},{"start":{"line":85,"column":38},"end":{"line":85,"column":42}}],"line":85},"5":{"loc":{"start":{"line":89,"column":23},"end":{"line":89,"column":52}},"type":"binary-expr","locations":[{"start":{"line":89,"column":23},"end":{"line":89,"column":46}},{"start":{"line":89,"column":50},"end":{"line":89,"column":52}}],"line":89},"6":{"loc":{"start":{"line":98,"column":2},"end":{"line":100,"column":3}},"type":"if","locations":[{"start":{"line":98,"column":2},"end":{"line":100,"column":3}},{"start":{},"end":{}}],"line":98},"7":{"loc":{"start":{"line":112,"column":2},"end":{"line":125,"column":3}},"type":"if","locations":[{"start":{"line":112,"column":2},"end":{"line":125,"column":3}},{"start":{},"end":{}}],"line":112},"8":{"loc":{"start":{"line":115,"column":19},"end":{"line":115,"column":53}},"type":"cond-expr","locations":[{"start":{"line":115,"column":35},"end":{"line":115,"column":48}},{"start":{"line":115,"column":51},"end":{"line":115,"column":53}}],"line":115},"9":{"loc":{"start":{"line":117,"column":4},"end":{"line":124,"column":5}},"type":"if","locations":[{"start":{"line":117,"column":4},"end":{"line":124,"column":5}},{"start":{},"end":{}}],"line":117},"10":{"loc":{"start":{"line":120,"column":8},"end":{"line":122,"column":9}},"type":"if","locations":[{"start":{"line":120,"column":8},"end":{"line":122,"column":9}},{"start":{},"end":{}}],"line":120},"11":{"loc":{"start":{"line":121,"column":63},"end":{"line":121,"column":74}},"type":"binary-expr","locations":[{"start":{"line":121,"column":63},"end":{"line":121,"column":68}},{"start":{"line":121,"column":72},"end":{"line":121,"column":74}}],"line":121},"12":{"loc":{"start":{"line":128,"column":2},"end":{"line":135,"column":3}},"type":"if","locations":[{"start":{"line":128,"column":2},"end":{"line":135,"column":3}},{"start":{},"end":{}}],"line":128},"13":{"loc":{"start":{"line":142,"column":14},"end":{"line":142,"column":39}},"type":"binary-expr","locations":[{"start":{"line":142,"column":14},"end":{"line":142,"column":29}},{"start":{"line":142,"column":33},"end":{"line":142,"column":39}}],"line":142},"14":{"loc":{"start":{"line":143,"column":10},"end":{"line":143,"column":27}},"type":"binary-expr","locations":[{"start":{"line":143,"column":10},"end":{"line":143,"column":21}},{"start":{"line":143,"column":25},"end":{"line":143,"column":27}}],"line":143},"15":{"loc":{"start":{"line":144,"column":13},"end":{"line":144,"column":33}},"type":"binary-expr","locations":[{"start":{"line":144,"column":13},"end":{"line":144,"column":24}},{"start":{"line":144,"column":28},"end":{"line":144,"column":33}}],"line":144},"16":{"loc":{"start":{"line":145,"column":10},"end":{"line":145,"column":58}},"type":"binary-expr","locations":[{"start":{"line":145,"column":10},"end":{"line":145,"column":21}},{"start":{"line":145,"column":26},"end":{"line":145,"column":57}}],"line":145},"17":{"loc":{"start":{"line":145,"column":26},"end":{"line":145,"column":57}},"type":"cond-expr","locations":[{"start":{"line":145,"column":49},"end":{"line":145,"column":52}},{"start":{"line":145,"column":55},"end":{"line":145,"column":57}}],"line":145},"18":{"loc":{"start":{"line":146,"column":17},"end":{"line":146,"column":34}},"type":"binary-expr","locations":[{"start":{"line":146,"column":17},"end":{"line":146,"column":28}},{"start":{"line":146,"column":32},"end":{"line":146,"column":34}}],"line":146},"19":{"loc":{"start":{"line":147,"column":9},"end":{"line":147,"column":42}},"type":"binary-expr","locations":[{"start":{"line":147,"column":9},"end":{"line":147,"column":19}},{"start":{"line":147,"column":23},"end":{"line":147,"column":34}},{"start":{"line":147,"column":38},"end":{"line":147,"column":42}}],"line":147},"20":{"loc":{"start":{"line":148,"column":8},"end":{"line":148,"column":23}},"type":"binary-expr","locations":[{"start":{"line":148,"column":8},"end":{"line":148,"column":17}},{"start":{"line":148,"column":21},"end":{"line":148,"column":23}}],"line":148},"21":{"loc":{"start":{"line":149,"column":9},"end":{"line":149,"column":25}},"type":"binary-expr","locations":[{"start":{"line":149,"column":9},"end":{"line":149,"column":19}},{"start":{"line":149,"column":23},"end":{"line":149,"column":25}}],"line":149},"22":{"loc":{"start":{"line":150,"column":9},"end":{"line":150,"column":25}},"type":"binary-expr","locations":[{"start":{"line":150,"column":9},"end":{"line":150,"column":19}},{"start":{"line":150,"column":23},"end":{"line":150,"column":25}}],"line":150},"23":{"loc":{"start":{"line":151,"column":9},"end":{"line":151,"column":25}},"type":"binary-expr","locations":[{"start":{"line":151,"column":9},"end":{"line":151,"column":19}},{"start":{"line":151,"column":23},"end":{"line":151,"column":25}}],"line":151},"24":{"loc":{"start":{"line":152,"column":10},"end":{"line":152,"column":27}},"type":"binary-expr","locations":[{"start":{"line":152,"column":10},"end":{"line":152,"column":21}},{"start":{"line":152,"column":25},"end":{"line":152,"column":27}}],"line":152},"25":{"loc":{"start":{"line":153,"column":19},"end":{"line":153,"column":91}},"type":"binary-expr","locations":[{"start":{"line":153,"column":19},"end":{"line":153,"column":47}},{"start":{"line":153,"column":51},"end":{"line":153,"column":82}},{"start":{"line":153,"column":86},"end":{"line":153,"column":91}}],"line":153},"26":{"loc":{"start":{"line":159,"column":2},"end":{"line":161,"column":3}},"type":"if","locations":[{"start":{"line":159,"column":2},"end":{"line":161,"column":3}},{"start":{},"end":{}}],"line":159},"27":{"loc":{"start":{"line":170,"column":4},"end":{"line":177,"column":5}},"type":"if","locations":[{"start":{"line":170,"column":4},"end":{"line":177,"column":5}},{"start":{},"end":{}}],"line":170},"28":{"loc":{"start":{"line":184,"column":15},"end":{"line":184,"column":41}},"type":"binary-expr","locations":[{"start":{"line":184,"column":15},"end":{"line":184,"column":36}},{"start":{"line":184,"column":40},"end":{"line":184,"column":41}}],"line":184},"29":{"loc":{"start":{"line":185,"column":16},"end":{"line":185,"column":46}},"type":"binary-expr","locations":[{"start":{"line":185,"column":16},"end":{"line":185,"column":22}},{"start":{"line":185,"column":26},"end":{"line":185,"column":36}},{"start":{"line":185,"column":40},"end":{"line":185,"column":46}}],"line":185},"30":{"loc":{"start":{"line":186,"column":15},"end":{"line":186,"column":31}},"type":"binary-expr","locations":[{"start":{"line":186,"column":15},"end":{"line":186,"column":22}},{"start":{"line":186,"column":26},"end":{"line":186,"column":31}}],"line":186},"31":{"loc":{"start":{"line":187,"column":18},"end":{"line":187,"column":36}},"type":"binary-expr","locations":[{"start":{"line":187,"column":18},"end":{"line":187,"column":26}},{"start":{"line":187,"column":30},"end":{"line":187,"column":36}}],"line":187},"32":{"loc":{"start":{"line":188,"column":12},"end":{"line":188,"column":53}},"type":"binary-expr","locations":[{"start":{"line":188,"column":12},"end":{"line":188,"column":20}},{"start":{"line":188,"column":25},"end":{"line":188,"column":52}}],"line":188},"33":{"loc":{"start":{"line":188,"column":25},"end":{"line":188,"column":52}},"type":"cond-expr","locations":[{"start":{"line":188,"column":44},"end":{"line":188,"column":47}},{"start":{"line":188,"column":50},"end":{"line":188,"column":52}}],"line":188},"34":{"loc":{"start":{"line":189,"column":19},"end":{"line":189,"column":38}},"type":"binary-expr","locations":[{"start":{"line":189,"column":19},"end":{"line":189,"column":27}},{"start":{"line":189,"column":31},"end":{"line":189,"column":38}}],"line":189},"35":{"loc":{"start":{"line":190,"column":11},"end":{"line":190,"column":41}},"type":"binary-expr","locations":[{"start":{"line":190,"column":11},"end":{"line":190,"column":18}},{"start":{"line":190,"column":22},"end":{"line":190,"column":30}},{"start":{"line":190,"column":34},"end":{"line":190,"column":41}}],"line":190},"36":{"loc":{"start":{"line":192,"column":12},"end":{"line":192,"column":26}},"type":"binary-expr","locations":[{"start":{"line":192,"column":12},"end":{"line":192,"column":20}},{"start":{"line":192,"column":24},"end":{"line":192,"column":26}}],"line":192},"37":{"loc":{"start":{"line":193,"column":10},"end":{"line":193,"column":22}},"type":"binary-expr","locations":[{"start":{"line":193,"column":10},"end":{"line":193,"column":16}},{"start":{"line":193,"column":20},"end":{"line":193,"column":22}}],"line":193},"38":{"loc":{"start":{"line":202,"column":2},"end":{"line":204,"column":3}},"type":"if","locations":[{"start":{"line":202,"column":2},"end":{"line":204,"column":3}},{"start":{},"end":{}}],"line":202},"39":{"loc":{"start":{"line":214,"column":2},"end":{"line":230,"column":3}},"type":"if","locations":[{"start":{"line":214,"column":2},"end":{"line":230,"column":3}},{"start":{"line":216,"column":9},"end":{"line":230,"column":3}}],"line":214},"40":{"loc":{"start":{"line":214,"column":6},"end":{"line":214,"column":57}},"type":"binary-expr","locations":[{"start":{"line":214,"column":6},"end":{"line":214,"column":28}},{"start":{"line":214,"column":32},"end":{"line":214,"column":57}}],"line":214},"41":{"loc":{"start":{"line":216,"column":9},"end":{"line":230,"column":3}},"type":"if","locations":[{"start":{"line":216,"column":9},"end":{"line":230,"column":3}},{"start":{"line":219,"column":9},"end":{"line":230,"column":3}}],"line":216},"42":{"loc":{"start":{"line":216,"column":13},"end":{"line":216,"column":64}},"type":"binary-expr","locations":[{"start":{"line":216,"column":13},"end":{"line":216,"column":35}},{"start":{"line":216,"column":39},"end":{"line":216,"column":64}}],"line":216},"43":{"loc":{"start":{"line":219,"column":9},"end":{"line":230,"column":3}},"type":"if","locations":[{"start":{"line":219,"column":9},"end":{"line":230,"column":3}},{"start":{"line":222,"column":9},"end":{"line":230,"column":3}}],"line":219},"44":{"loc":{"start":{"line":219,"column":13},"end":{"line":219,"column":64}},"type":"binary-expr","locations":[{"start":{"line":219,"column":13},"end":{"line":219,"column":35}},{"start":{"line":219,"column":39},"end":{"line":219,"column":64}}],"line":219},"45":{"loc":{"start":{"line":224,"column":4},"end":{"line":229,"column":5}},"type":"if","locations":[{"start":{"line":224,"column":4},"end":{"line":229,"column":5}},{"start":{"line":227,"column":11},"end":{"line":229,"column":5}}],"line":224},"46":{"loc":{"start":{"line":233,"column":2},"end":{"line":235,"column":3}},"type":"if","locations":[{"start":{"line":233,"column":2},"end":{"line":235,"column":3}},{"start":{},"end":{}}],"line":233},"47":{"loc":{"start":{"line":233,"column":6},"end":{"line":233,"column":30}},"type":"binary-expr","locations":[{"start":{"line":233,"column":6},"end":{"line":233,"column":15}},{"start":{"line":233,"column":19},"end":{"line":233,"column":30}}],"line":233},"48":{"loc":{"start":{"line":239,"column":2},"end":{"line":241,"column":3}},"type":"if","locations":[{"start":{"line":239,"column":2},"end":{"line":241,"column":3}},{"start":{},"end":{}}],"line":239},"49":{"loc":{"start":{"line":244,"column":2},"end":{"line":253,"column":3}},"type":"if","locations":[{"start":{"line":244,"column":2},"end":{"line":253,"column":3}},{"start":{},"end":{}}],"line":244},"50":{"loc":{"start":{"line":246,"column":6},"end":{"line":251,"column":7}},"type":"if","locations":[{"start":{"line":246,"column":6},"end":{"line":251,"column":7}},{"start":{},"end":{}}],"line":246},"51":{"loc":{"start":{"line":247,"column":20},"end":{"line":247,"column":30}},"type":"default-arg","locations":[{"start":{"line":247,"column":28},"end":{"line":247,"column":30}}],"line":247},"52":{"loc":{"start":{"line":248,"column":8},"end":{"line":250,"column":9}},"type":"if","locations":[{"start":{"line":248,"column":8},"end":{"line":250,"column":9}},{"start":{},"end":{}}],"line":248},"53":{"loc":{"start":{"line":256,"column":2},"end":{"line":263,"column":3}},"type":"if","locations":[{"start":{"line":256,"column":2},"end":{"line":263,"column":3}},{"start":{},"end":{}}],"line":256},"54":{"loc":{"start":{"line":261,"column":13},"end":{"line":261,"column":29}},"type":"binary-expr","locations":[{"start":{"line":261,"column":13},"end":{"line":261,"column":21}},{"start":{"line":261,"column":25},"end":{"line":261,"column":29}}],"line":261},"55":{"loc":{"start":{"line":271,"column":13},"end":{"line":271,"column":33}},"type":"binary-expr","locations":[{"start":{"line":271,"column":13},"end":{"line":271,"column":24}},{"start":{"line":271,"column":28},"end":{"line":271,"column":33}}],"line":271},"56":{"loc":{"start":{"line":272,"column":10},"end":{"line":272,"column":58}},"type":"binary-expr","locations":[{"start":{"line":272,"column":10},"end":{"line":272,"column":21}},{"start":{"line":272,"column":26},"end":{"line":272,"column":57}}],"line":272},"57":{"loc":{"start":{"line":272,"column":26},"end":{"line":272,"column":57}},"type":"cond-expr","locations":[{"start":{"line":272,"column":49},"end":{"line":272,"column":52}},{"start":{"line":272,"column":55},"end":{"line":272,"column":57}}],"line":272},"58":{"loc":{"start":{"line":273,"column":17},"end":{"line":273,"column":36}},"type":"binary-expr","locations":[{"start":{"line":273,"column":17},"end":{"line":273,"column":28}},{"start":{"line":273,"column":32},"end":{"line":273,"column":36}}],"line":273},"59":{"loc":{"start":{"line":274,"column":9},"end":{"line":274,"column":42}},"type":"binary-expr","locations":[{"start":{"line":274,"column":9},"end":{"line":274,"column":19}},{"start":{"line":274,"column":23},"end":{"line":274,"column":34}},{"start":{"line":274,"column":38},"end":{"line":274,"column":42}}],"line":274},"60":{"loc":{"start":{"line":275,"column":10},"end":{"line":275,"column":27}},"type":"binary-expr","locations":[{"start":{"line":275,"column":10},"end":{"line":275,"column":21}},{"start":{"line":275,"column":25},"end":{"line":275,"column":27}}],"line":275},"61":{"loc":{"start":{"line":276,"column":8},"end":{"line":276,"column":23}},"type":"binary-expr","locations":[{"start":{"line":276,"column":8},"end":{"line":276,"column":17}},{"start":{"line":276,"column":21},"end":{"line":276,"column":23}}],"line":276},"62":{"loc":{"start":{"line":277,"column":19},"end":{"line":277,"column":91}},"type":"binary-expr","locations":[{"start":{"line":277,"column":19},"end":{"line":277,"column":47}},{"start":{"line":277,"column":51},"end":{"line":277,"column":82}},{"start":{"line":277,"column":86},"end":{"line":277,"column":91}}],"line":277},"63":{"loc":{"start":{"line":283,"column":2},"end":{"line":285,"column":3}},"type":"if","locations":[{"start":{"line":283,"column":2},"end":{"line":285,"column":3}},{"start":{},"end":{}}],"line":283},"64":{"loc":{"start":{"line":288,"column":19},"end":{"line":288,"column":80}},"type":"cond-expr","locations":[{"start":{"line":288,"column":42},"end":{"line":288,"column":75}},{"start":{"line":288,"column":78},"end":{"line":288,"column":80}}],"line":288},"65":{"loc":{"start":{"line":289,"column":34},"end":{"line":289,"column":84}},"type":"cond-expr","locations":[{"start":{"line":289,"column":57},"end":{"line":289,"column":70}},{"start":{"line":289,"column":73},"end":{"line":289,"column":84}}],"line":289},"66":{"loc":{"start":{"line":312,"column":2},"end":{"line":322,"column":3}},"type":"if","locations":[{"start":{"line":312,"column":2},"end":{"line":322,"column":3}},{"start":{},"end":{}}],"line":312},"67":{"loc":{"start":{"line":314,"column":22},"end":{"line":314,"column":48}},"type":"binary-expr","locations":[{"start":{"line":314,"column":22},"end":{"line":314,"column":42}},{"start":{"line":314,"column":46},"end":{"line":314,"column":48}}],"line":314},"68":{"loc":{"start":{"line":315,"column":4},"end":{"line":319,"column":5}},"type":"if","locations":[{"start":{"line":315,"column":4},"end":{"line":319,"column":5}},{"start":{},"end":{}}],"line":315},"69":{"loc":{"start":{"line":320,"column":11},"end":{"line":320,"column":35}},"type":"binary-expr","locations":[{"start":{"line":320,"column":11},"end":{"line":320,"column":29}},{"start":{"line":320,"column":33},"end":{"line":320,"column":35}}],"line":320},"70":{"loc":{"start":{"line":321,"column":15},"end":{"line":321,"column":44}},"type":"binary-expr","locations":[{"start":{"line":321,"column":15},"end":{"line":321,"column":38}},{"start":{"line":321,"column":42},"end":{"line":321,"column":44}}],"line":321},"71":{"loc":{"start":{"line":325,"column":2},"end":{"line":332,"column":3}},"type":"if","locations":[{"start":{"line":325,"column":2},"end":{"line":332,"column":3}},{"start":{},"end":{}}],"line":325},"72":{"loc":{"start":{"line":349,"column":2},"end":{"line":351,"column":3}},"type":"if","locations":[{"start":{"line":349,"column":2},"end":{"line":351,"column":3}},{"start":{},"end":{}}],"line":349},"73":{"loc":{"start":{"line":349,"column":6},"end":{"line":349,"column":39}},"type":"binary-expr","locations":[{"start":{"line":349,"column":6},"end":{"line":349,"column":11}},{"start":{"line":349,"column":15},"end":{"line":349,"column":39}}],"line":349},"74":{"loc":{"start":{"line":353,"column":2},"end":{"line":355,"column":3}},"type":"if","locations":[{"start":{"line":353,"column":2},"end":{"line":355,"column":3}},{"start":{},"end":{}}],"line":353},"75":{"loc":{"start":{"line":357,"column":2},"end":{"line":357,"column":59}},"type":"if","locations":[{"start":{"line":357,"column":2},"end":{"line":357,"column":59}},{"start":{},"end":{}}],"line":357},"76":{"loc":{"start":{"line":358,"column":2},"end":{"line":358,"column":59}},"type":"if","locations":[{"start":{"line":358,"column":2},"end":{"line":358,"column":59}},{"start":{},"end":{}}],"line":358},"77":{"loc":{"start":{"line":359,"column":2},"end":{"line":359,"column":61}},"type":"if","locations":[{"start":{"line":359,"column":2},"end":{"line":359,"column":61}},{"start":{},"end":{}}],"line":359},"78":{"loc":{"start":{"line":360,"column":2},"end":{"line":360,"column":53}},"type":"if","locations":[{"start":{"line":360,"column":2},"end":{"line":360,"column":53}},{"start":{},"end":{}}],"line":360},"79":{"loc":{"start":{"line":376,"column":2},"end":{"line":481,"column":3}},"type":"switch","locations":[{"start":{"line":377,"column":4},"end":{"line":403,"column":12}},{"start":{"line":405,"column":4},"end":{"line":424,"column":12}},{"start":{"line":426,"column":4},"end":{"line":444,"column":12}},{"start":{"line":446,"column":4},"end":{"line":477,"column":12}},{"start":{"line":479,"column":4},"end":{"line":480,"column":93}}],"line":376},"80":{"loc":{"start":{"line":379,"column":24},"end":{"line":379,"column":82}},"type":"binary-expr","locations":[{"start":{"line":379,"column":24},"end":{"line":379,"column":49}},{"start":{"line":379,"column":53},"end":{"line":379,"column":82}}],"line":379},"81":{"loc":{"start":{"line":380,"column":6},"end":{"line":393,"column":7}},"type":"if","locations":[{"start":{"line":380,"column":6},"end":{"line":393,"column":7}},{"start":{},"end":{}}],"line":380},"82":{"loc":{"start":{"line":381,"column":8},"end":{"line":381,"column":60}},"type":"if","locations":[{"start":{"line":381,"column":8},"end":{"line":381,"column":60}},{"start":{},"end":{}}],"line":381},"83":{"loc":{"start":{"line":382,"column":8},"end":{"line":382,"column":86}},"type":"if","locations":[{"start":{"line":382,"column":8},"end":{"line":382,"column":86}},{"start":{},"end":{}}],"line":382},"84":{"loc":{"start":{"line":383,"column":8},"end":{"line":383,"column":59}},"type":"if","locations":[{"start":{"line":383,"column":8},"end":{"line":383,"column":59}},{"start":{},"end":{}}],"line":383},"85":{"loc":{"start":{"line":385,"column":8},"end":{"line":392,"column":9}},"type":"if","locations":[{"start":{"line":385,"column":8},"end":{"line":392,"column":9}},{"start":{"line":390,"column":15},"end":{"line":392,"column":9}}],"line":385},"86":{"loc":{"start":{"line":387,"column":10},"end":{"line":387,"column":65}},"type":"if","locations":[{"start":{"line":387,"column":10},"end":{"line":387,"column":65}},{"start":{},"end":{}}],"line":387},"87":{"loc":{"start":{"line":388,"column":10},"end":{"line":388,"column":63}},"type":"if","locations":[{"start":{"line":388,"column":10},"end":{"line":388,"column":63}},{"start":{},"end":{}}],"line":388},"88":{"loc":{"start":{"line":389,"column":10},"end":{"line":389,"column":63}},"type":"if","locations":[{"start":{"line":389,"column":10},"end":{"line":389,"column":63}},{"start":{},"end":{}}],"line":389},"89":{"loc":{"start":{"line":390,"column":15},"end":{"line":392,"column":9}},"type":"if","locations":[{"start":{"line":390,"column":15},"end":{"line":392,"column":9}},{"start":{},"end":{}}],"line":390},"90":{"loc":{"start":{"line":391,"column":10},"end":{"line":391,"column":58}},"type":"if","locations":[{"start":{"line":391,"column":10},"end":{"line":391,"column":58}},{"start":{},"end":{}}],"line":391},"91":{"loc":{"start":{"line":394,"column":6},"end":{"line":402,"column":7}},"type":"if","locations":[{"start":{"line":394,"column":6},"end":{"line":402,"column":7}},{"start":{"line":400,"column":13},"end":{"line":402,"column":7}}],"line":394},"92":{"loc":{"start":{"line":396,"column":33},"end":{"line":396,"column":51}},"type":"binary-expr","locations":[{"start":{"line":396,"column":33},"end":{"line":396,"column":44}},{"start":{"line":396,"column":48},"end":{"line":396,"column":51}}],"line":396},"93":{"loc":{"start":{"line":397,"column":8},"end":{"line":399,"column":9}},"type":"if","locations":[{"start":{"line":397,"column":8},"end":{"line":399,"column":9}},{"start":{},"end":{}}],"line":397},"94":{"loc":{"start":{"line":400,"column":13},"end":{"line":402,"column":7}},"type":"if","locations":[{"start":{"line":400,"column":13},"end":{"line":402,"column":7}},{"start":{},"end":{}}],"line":400},"95":{"loc":{"start":{"line":410,"column":6},"end":{"line":414,"column":7}},"type":"if","locations":[{"start":{"line":410,"column":6},"end":{"line":414,"column":7}},{"start":{},"end":{}}],"line":410},"96":{"loc":{"start":{"line":411,"column":8},"end":{"line":411,"column":60}},"type":"if","locations":[{"start":{"line":411,"column":8},"end":{"line":411,"column":60}},{"start":{},"end":{}}],"line":411},"97":{"loc":{"start":{"line":412,"column":8},"end":{"line":412,"column":86}},"type":"if","locations":[{"start":{"line":412,"column":8},"end":{"line":412,"column":86}},{"start":{},"end":{}}],"line":412},"98":{"loc":{"start":{"line":413,"column":8},"end":{"line":413,"column":59}},"type":"if","locations":[{"start":{"line":413,"column":8},"end":{"line":413,"column":59}},{"start":{},"end":{}}],"line":413},"99":{"loc":{"start":{"line":415,"column":6},"end":{"line":423,"column":7}},"type":"if","locations":[{"start":{"line":415,"column":6},"end":{"line":423,"column":7}},{"start":{"line":421,"column":13},"end":{"line":423,"column":7}}],"line":415},"100":{"loc":{"start":{"line":417,"column":33},"end":{"line":417,"column":51}},"type":"binary-expr","locations":[{"start":{"line":417,"column":33},"end":{"line":417,"column":44}},{"start":{"line":417,"column":48},"end":{"line":417,"column":51}}],"line":417},"101":{"loc":{"start":{"line":418,"column":8},"end":{"line":420,"column":9}},"type":"if","locations":[{"start":{"line":418,"column":8},"end":{"line":420,"column":9}},{"start":{},"end":{}}],"line":418},"102":{"loc":{"start":{"line":421,"column":13},"end":{"line":423,"column":7}},"type":"if","locations":[{"start":{"line":421,"column":13},"end":{"line":423,"column":7}},{"start":{},"end":{}}],"line":421},"103":{"loc":{"start":{"line":429,"column":6},"end":{"line":429,"column":51}},"type":"if","locations":[{"start":{"line":429,"column":6},"end":{"line":429,"column":51}},{"start":{},"end":{}}],"line":429},"104":{"loc":{"start":{"line":430,"column":6},"end":{"line":430,"column":84}},"type":"if","locations":[{"start":{"line":430,"column":6},"end":{"line":430,"column":84}},{"start":{},"end":{}}],"line":430},"105":{"loc":{"start":{"line":431,"column":6},"end":{"line":431,"column":57}},"type":"if","locations":[{"start":{"line":431,"column":6},"end":{"line":431,"column":57}},{"start":{},"end":{}}],"line":431},"106":{"loc":{"start":{"line":434,"column":6},"end":{"line":443,"column":7}},"type":"if","locations":[{"start":{"line":434,"column":6},"end":{"line":443,"column":7}},{"start":{"line":440,"column":13},"end":{"line":443,"column":7}}],"line":434},"107":{"loc":{"start":{"line":436,"column":33},"end":{"line":436,"column":51}},"type":"binary-expr","locations":[{"start":{"line":436,"column":33},"end":{"line":436,"column":44}},{"start":{"line":436,"column":48},"end":{"line":436,"column":51}}],"line":436},"108":{"loc":{"start":{"line":437,"column":8},"end":{"line":439,"column":9}},"type":"if","locations":[{"start":{"line":437,"column":8},"end":{"line":439,"column":9}},{"start":{},"end":{}}],"line":437},"109":{"loc":{"start":{"line":440,"column":13},"end":{"line":443,"column":7}},"type":"if","locations":[{"start":{"line":440,"column":13},"end":{"line":443,"column":7}},{"start":{},"end":{}}],"line":440},"110":{"loc":{"start":{"line":449,"column":6},"end":{"line":476,"column":7}},"type":"if","locations":[{"start":{"line":449,"column":6},"end":{"line":476,"column":7}},{"start":{},"end":{}}],"line":449},"111":{"loc":{"start":{"line":453,"column":8},"end":{"line":465,"column":9}},"type":"if","locations":[{"start":{"line":453,"column":8},"end":{"line":465,"column":9}},{"start":{},"end":{}}],"line":453},"112":{"loc":{"start":{"line":455,"column":16},"end":{"line":463,"column":17}},"type":"if","locations":[{"start":{"line":455,"column":16},"end":{"line":463,"column":17}},{"start":{},"end":{}}],"line":455},"113":{"loc":{"start":{"line":458,"column":20},"end":{"line":462,"column":21}},"type":"if","locations":[{"start":{"line":458,"column":20},"end":{"line":462,"column":21}},{"start":{"line":460,"column":27},"end":{"line":462,"column":21}}],"line":458},"114":{"loc":{"start":{"line":460,"column":27},"end":{"line":462,"column":21}},"type":"if","locations":[{"start":{"line":460,"column":27},"end":{"line":462,"column":21}},{"start":{},"end":{}}],"line":460},"115":{"loc":{"start":{"line":467,"column":8},"end":{"line":475,"column":9}},"type":"if","locations":[{"start":{"line":467,"column":8},"end":{"line":475,"column":9}},{"start":{"line":469,"column":15},"end":{"line":475,"column":9}}],"line":467},"116":{"loc":{"start":{"line":469,"column":15},"end":{"line":475,"column":9}},"type":"if","locations":[{"start":{"line":469,"column":15},"end":{"line":475,"column":9}},{"start":{},"end":{}}],"line":469},"117":{"loc":{"start":{"line":490,"column":2},"end":{"line":540,"column":3}},"type":"switch","locations":[{"start":{"line":491,"column":4},"end":{"line":505,"column":109}},{"start":{"line":507,"column":4},"end":{"line":518,"column":109}},{"start":{"line":520,"column":4},"end":{"line":529,"column":115}},{"start":{"line":531,"column":4},"end":{"line":536,"column":7}},{"start":{"line":538,"column":4},"end":{"line":539,"column":68}}],"line":490},"118":{"loc":{"start":{"line":493,"column":6},"end":{"lin
[...]
}},"type":"if","locations":[{"start":{"line":663,"column":6},"end":{"line":665,"column":7}},{"start":{},"end":{}}],"line":663},"181":{"loc":{"start":{"line":667,"column":9},"end":{"line":677,"column":3}},"type":"if","locations":[{"start":{"line":667,"column":9},"end":{"line":677,"column":3}},{"start":{},"end":{}}],"line":667},"182":{"loc":{"start":{"line":671,"column":6},"end":{"line":676,"column":7}},"type":"if","locations":[{"start":{"line":671,"column":6},"end":{"line":676,"column":7}},{"start":{},"end":{}}],"line":671},"183":{"loc":{"start":{"line":673,"column":10},"end":{"line":675,"column":11}},"type":"if","locations":[{"start":{"line":673,"column":10},"end":{"line":675,"column":11}},{"start":{},"end":{}}],"line":673},"184":{"loc":{"start":{"line":687,"column":2},"end":{"line":690,"column":3}},"type":"if","locations":[{"start":{"line":687,"column":2},"end":{"line":690,"column":3}},{"start":{},"end":{}}],"line":687},"185":{"loc":{"start":{"line":687,"column":6},"end":{"line":687,"column":47}},"type":"binary-expr","locations":[{"start":{"line":687,"column":6},"end":{"line":687,"column":15}},{"start":{"line":687,"column":19},"end":{"line":687,"column":47}}],"line":687},"186":{"loc":{"start":{"line":697,"column":6},"end":{"line":702,"column":7}},"type":"if","locations":[{"start":{"line":697,"column":6},"end":{"line":702,"column":7}},{"start":{"line":700,"column":13},"end":{"line":702,"column":7}}],"line":697},"187":{"loc":{"start":{"line":697,"column":10},"end":{"line":697,"column":72}},"type":"binary-expr","locations":[{"start":{"line":697,"column":10},"end":{"line":697,"column":26}},{"start":{"line":697,"column":31},"end":{"line":697,"column":49}},{"start":{"line":697,"column":53},"end":{"line":697,"column":71}}],"line":697},"188":{"loc":{"start":{"line":705,"column":106},"end":{"line":705,"column":132}},"type":"cond-expr","locations":[{"start":{"line":705,"column":122},"end":{"line":705,"column":127}},{"start":{"line":705,"column":130},"end":{"line":705,"column":132}}],"line":705},"189":{"loc":{"start":{"line":708,"column":2},"end":{"line":710,"column":3}},"type":"if","locations":[{"start":{"line":708,"column":2},"end":{"line":710,"column":3}},{"start":{},"end":{}}],"line":708},"190":{"loc":{"start":{"line":715,"column":35},"end":{"line":715,"column":49}},"type":"default-arg","locations":[{"start":{"line":715,"column":48},"end":{"line":715,"column":49}}],"line":715},"191":{"loc":{"start":{"line":723,"column":27},"end":{"line":723,"column":56}},"type":"binary-expr","locations":[{"start":{"line":723,"column":27},"end":{"line":723,"column":38}},{"start":{"line":723,"column":42},"end":{"line":723,"column":56}}],"line":723},"192":{"loc":{"start":{"line":729,"column":17},"end":{"line":729,"column":40}},"type":"binary-expr","locations":[{"start":{"line":729,"column":17},"end":{"line":729,"column":31}},{"start":{"line":729,"column":35},"end":{"line":729,"column":40}}],"line":729},"193":{"loc":{"start":{"line":757,"column":16},"end":{"line":757,"column":63}},"type":"binary-expr","locations":[{"start":{"line":757,"column":16},"end":{"line":757,"column":31}},{"start":{"line":757,"column":35},"end":{"line":757,"column":49}},{"start":{"line":757,"column":53},"end":{"line":757,"column":63}}],"line":757},"194":{"loc":{"start":{"line":759,"column":2},"end":{"line":763,"column":3}},"type":"if","locations":[{"start":{"line":759,"column":2},"end":{"line":763,"column":3}},{"start":{},"end":{}}],"line":759},"195":{"loc":{"start":{"line":767,"column":4},"end":{"line":769,"column":5}},"type":"if","locations":[{"start":{"line":767,"column":4},"end":{"line":769,"column":5}},{"start":{},"end":{}}],"line":767},"196":{"loc":{"start":{"line":767,"column":8},"end":{"line":767,"column":62}},"type":"binary-expr","locations":[{"start":{"line":767,"column":8},"end":{"line":767,"column":14}},{"start":{"line":767,"column":19},"end":{"line":767,"column":39}},{"start":{"line":767,"column":43},"end":{"line":767,"column":61}}],"line":767},"197":{"loc":{"start":{"line":774,"column":4},"end":{"line":795,"column":5}},"type":"if","locations":[{"start":{"line":774,"column":4},"end":{"line":795,"column":5}},{"start":{"line":788,"column":11},"end":{"line":795,"column":5}}],"line":774},"198":{"loc":{"start":{"line":805,"column":4},"end":{"line":809,"column":5}},"type":"if","locations":[{"start":{"line":805,"column":4},"end":{"line":809,"column":5}},{"start":{},"end":{}}],"line":805},"199":{"loc":{"start":{"line":813,"column":8},"end":{"line":815,"column":9}},"type":"if","locations":[{"start":{"line":813,"column":8},"end":{"line":815,"column":9}},{"start":{},"end":{}}],"line":813},"200":{"loc":{"start":{"line":813,"column":12},"end":{"line":813,"column":66}},"type":"binary-expr","locations":[{"start":{"line":813,"column":12},"end":{"line":813,"column":18}},{"start":{"line":813,"column":23},"end":{"line":813,"column":43}},{"start":{"line":813,"column":47},"end":{"line":813,"column":65}}],"line":813},"201":{"loc":{"start":{"line":820,"column":8},"end":{"line":842,"column":9}},"type":"if","locations":[{"start":{"line":820,"column":8},"end":{"line":842,"column":9}},{"start":{"line":835,"column":15},"end":{"line":842,"column":9}}],"line":820},"202":{"loc":{"start":{"line":823,"column":17},"end":{"line":823,"column":63}},"type":"cond-expr","locations":[{"start":{"line":823,"column":40},"end":{"line":823,"column":51}},{"start":{"line":823,"column":54},"end":{"line":823,"column":63}}],"line":823},"203":{"loc":{"start":{"line":824,"column":20},"end":{"line":828,"column":21}},"type":"if","locations":[{"start":{"line":824,"column":20},"end":{"line":828,"column":21}},{"start":{"line":826,"column":27},"end":{"line":828,"column":21}}],"line":824},"204":{"loc":{"start":{"line":852,"column":4},"end":{"line":852,"column":25}},"type":"if","locations":[{"start":{"line":852,"column":4},"end":{"line":852,"column":25}},{"start":{},"end":{}}],"line":852},"205":{"loc":{"start":{"line":858,"column":4},"end":{"line":858,"column":51}},"type":"if","locations":[{"start":{"line":858,"column":4},"end":{"line":858,"column":51}},{"start":{},"end":{}}],"line":858},"206":{"loc":{"start":{"line":858,"column":8},"end":{"line":858,"column":39}},"type":"binary-expr","locations":[{"start":{"line":858,"column":8},"end":{"line":858,"column":14}},{"start":{"line":858,"column":18},"end":{"line":858,"column":39}}],"line":858},"207":{"loc":{"start":{"line":871,"column":2},"end":{"line":873,"column":3}},"type":"if","locations":[{"start":{"line":871,"column":2},"end":{"line":873,"column":3}},{"start":{},"end":{}}],"line":871},"208":{"loc":{"start":{"line":882,"column":2},"end":{"line":893,"column":3}},"type":"switch","locations":[{"start":{"line":883,"column":4},"end":{"line":884,"column":60}},{"start":{"line":885,"column":4},"end":{"line":886,"column":60}},{"start":{"line":887,"column":4},"end":{"line":888,"column":65}},{"start":{"line":889,"column":4},"end":{"line":890,"column":62}},{"start":{"line":891,"column":4},"end":{"line":892,"column":55}}],"line":882},"209":{"loc":{"start":{"line":947,"column":4},"end":{"line":959,"column":5}},"type":"if","locations":[{"start":{"line":947,"column":4},"end":{"line":959,"column":5}},{"start":{},"end":{}}],"line":947},"210":{"loc":{"start":{"line":947,"column":8},"end":{"line":947,"column":43}},"type":"binary-expr","locations":[{"start":{"line":947,"column":8},"end":{"line":947,"column":15}},{"start":{"line":947,"column":19},"end":{"line":947,"column":43}}],"line":947},"211":{"loc":{"start":{"line":948,"column":6},"end":{"line":958,"column":7}},"type":"if","locations":[{"start":{"line":948,"column":6},"end":{"line":958,"column":7}},{"start":{"line":952,"column":13},"end":{"line":958,"column":7}}],"line":948},"212":{"loc":{"start":{"line":954,"column":8},"end":{"line":957,"column":9}},"type":"if","locations":[{"start":{"line":954,"column":8},"end":{"line":957,"column":9}},{"start":{},"end":{}}],"line":954}},"s":{"0":2,"1":2,"2":2,"3":2,"4":2,"5":2,"6":2,"7":2,"8":2,"9":2,"10":2,"11":0,"12":0,"13":0,"14":0,"15":0,"16":0,"17":0,"18":0,"19":0,"20":0,"21":0,"22":0,"23":0,"24":0,"25":0,"26":0,"27":0,"28":0,"29":0,"30":0,"31":0,"32":0,"33":0,"34":0,"35":0,"36":0,"37":0,"38":0,"39":0,"40":0,"41":0,"42":0,"43":0,"44":0,"45":0,"46":2,"47":4,"48":1,"49":3,"50":3,"51":3,"52":3,"53":3,"54":3,"55":3,"56":3,"57":2,"58":2,"59":2,"60":2,"61":2,"62":5,"63":5,"64":5,"65":3,"66":3,"67":2,"68":2,"69":0,"70":0,"71":3,"72":3,"73":0,"74":3,"75":3,"76":3,"77":3,"78":2,"79":2,"80":2,"81":2,"82":0,"83":0,"84":2,"85":1,"86":6,"87":0,"88":6,"89":6,"90":6,"91":6,"92":6,"93":6,"94":6,"95":2,"96":4,"97":1,"98":1,"99":3,"100":3,"101":3,"102":0,"103":0,"104":0,"105":0,"106":0,"107":6,"108":6,"109":1,"110":5,"111":5,"112":5,"113":0,"114":5,"115":5,"116":1,"117":4,"118":4,"119":4,"120":4,"121":5,"122":5,"123":3,"124":3,"125":0,"126":0,"127":5,"128":3,"129":0,"130":3,"131":3,"132":3,"133":3,"134":3,"135":3,"136":3,"137":3,"138":3,"139":3,"140":3,"141":3,"142":3,"143":3,"144":0,"145":3,"146":3,"147":3,"148":3,"149":3,"150":1,"151":1,"152":1,"153":1,"154":1,"155":1,"156":1,"157":1,"158":3,"159":3,"160":3,"161":3,"162":0,"163":0,"164":3,"165":7,"166":1,"167":6,"168":1,"169":5,"170":1,"171":4,"172":1,"173":3,"174":1,"175":2,"176":1,"177":1,"178":2,"179":2,"180":1,"181":1,"182":1,"183":1,"184":1,"185":1,"186":0,"187":0,"188":1,"189":1,"190":1,"191":0,"192":0,"193":0,"194":0,"195":0,"196":0,"197":0,"198":1,"199":1,"200":0,"201":1,"202":1,"203":1,"204":1,"205":1,"206":0,"207":0,"208":1,"209":0,"210":0,"211":0,"212":0,"213":0,"214":0,"215":0,"216":0,"217":0,"218":0,"219":0,"220":0,"221":0,"222":0,"223":0,"224":0,"225":0,"226":0,"227":0,"228":0,"229":1,"230":1,"231":1,"232":1,"233":1,"234":1,"235":2,"236":1,"237":1,"238":1,"239":0,"240":0,"241":0,"242":0,"243":1,"244":1,"245":1,"246":0,"247":0,"248":0,"249":0,"250":0,"251":0,"252":0,"253":0,"254":0,"255":0,"256":0,"257":0,"258":0,"259":0,"260":0,"261":0,"262":0,"263":0,"264":0,"265":0,"266":2,"267":2,"268":1,"269":1,"270":1,"271":1,"272":0,"273":1,"274":1,"275":0,"276":0,"277":1,"278":0,"279":1,"280":1,"281":1,"282":1,"283":1,"284":0,"285":0,"286":0,"287":0,"288":0,"289":0,"290":0,"291":0,"292":0,"293":0,"294":0,"295":0,"296":1,"297":1,"298":1,"299":1,"300":1,"301":1,"302":1,"303":0,"304":0,"305":0,"306":1,"307":0,"308":0,"309":0,"310":0,"311":2,"312":1,"313":1,"314":1,"315":1,"316":0,"317":1,"318":1,"319":0,"320":0,"321":1,"322":0,"323":1,"324":1,"325":1,"326":1,"327":1,"328":0,"329":0,"330":0,"331":0,"332":0,"333":0,"334":0,"335":0,"336":0,"337":0,"338":0,"339":0,"340":1,"341":1,"342":1,"343":1,"344":1,"345":1,"346":1,"347":0,"348":0,"349":0,"350":1,"351":0,"352":0,"353":0,"354":0,"355":0,"356":2,"357":2,"358":1,"359":1,"360":0,"361":1,"362":1,"363":1,"364":0,"365":1,"366":1,"367":1,"368":0,"369":0,"370":0,"371":1,"372":0,"373":0,"374":0,"375":1,"376":1,"377":1,"378":0,"379":0,"380":1,"381":0,"382":1,"383":1,"384":1,"385":0,"386":1,"387":1,"388":1,"389":2,"390":2,"391":0,"392":0,"393":0,"394":0,"395":0,"396":0,"397":0,"398":2,"399":0,"400":0,"401":0,"402":0,"403":0,"404":0,"405":0,"406":0,"407":0,"408":0,"409":0,"410":0,"411":0,"412":0,"413":0,"414":0,"415":0,"416":0,"417":0,"418":0,"419":0,"420":0,"421":0,"422":0,"423":0,"424":0,"425":0,"426":0,"427":0,"428":0,"429":0,"430":0,"431":0,"432":0,"433":0,"434":0,"435":0,"436":0,"437":0,"438":0,"439":0,"440":0,"441":0,"442":0,"443":0,"444":0,"445":0,"446":0,"447":0,"448":0,"449":0,"450":0,"451":0,"452":0,"453":0,"454":0,"455":0,"456":0,"457":0,"458":0,"459":0,"460":0,"461":0,"462":0,"463":0,"464":0,"465":0,"466":0,"467":0,"468":0,"469":0,"470":0,"471":0,"472":0,"473":0,"474":0,"475":0,"476":0,"477":0,"478":0,"479":0,"480":0,"481":0,"482":0,"483":0,"484":2,"485":0,"486":0,"487":0,"488":0,"489":2,"490":0,"491":0,"492":0,"493":0,"494":2,"495":0,"496":2,"497":0,"498":2,"499":0,"500":2,"501":0,"502":0,"503":0,"504":0,"505":0,"506":0,"507":0,"508":0,"509":0,"510":0,"511":0,"512":0,"513":0,"514":0,"515":0,"516":0,"517":0,"518":0,"519":0,"520":0,"521":0,"522":0,"523":0,"524":0,"525":0,"526":0,"527":0,"528":0,"529":0,"530":0,"531":0,"532":0,"533":0,"534":0,"535":0,"536":0,"537":0,"538":0,"539":0,"540":0,"541":0,"542":0,"543":0,"544":0,"545":0,"546":0,"547":2,"548":2,"549":2,"550":0,"551":0,"552":0,"553":2},"f":{"0":2,"1":2,"2":0,"3":0,"4":0,"5":0,"6":0,"7":0,"8":0,"9":0,"10":0,"11":4,"12":5,"13":3,"14":6,"15":4,"16":3,"17":7,"18":2,"19":0,"20":0,"21":2,"22":0,"23":2,"24":2,"25":2,"26":0,"27":0,"28":2,"29":2,"30":0,"31":0,"32":0,"33":0,"34":0,"35":0,"36":0,"37":0,"38":0,"39":0,"40":0,"41":0,"42":0,"43":0,"44":0,"45":0,"46":0,"47":0,"48":0,"49":0,"50":0,"51":0,"52":0,"53":0,"54":0,"55":0,"56":0,"57":0,"58":0,"59":0,"60":0,"61":0,"62":0,"63":0,"64":0,"65":0,"66":0,"67":0,"68":2},"b":{"0":[0,0],"1":[0,0],"2":[0,0],"3":[0,0],"4":[0,0],"5":[0,0],"6":[1,3],"7":[2,1],"8":[2,0],"9":[2,0],"10":[5,0],"11":[5,0],"12":[2,1],"13":[3,2],"14":[3,3],"15":[3,2],"16":[3,2],"17":[0,2],"18":[3,2],"19":[3,2,1],"20":[3,3],"21":[3,3],"22":[3,3],"23":[3,3],"24":[3,3],"25":[3,3,3],"26":[0,3],"27":[2,0],"28":[2,2],"29":[2,2,2],"30":[2,0],"31":[2,1],"32":[2,1],"33":[0,1],"34":[2,1],"35":[2,1,1],"36":[2,2],"37":[2,2],"38":[0,6],"39":[2,4],"40":[6,5],"41":[1,3],"42":[4,1],"43":[3,0],"44":[3,3],"45":[0,0],"46":[1,5],"47":[6,6],"48":[0,5],"49":[1,4],"50":[4,0],"51":[0],"52":[4,0],"53":[3,2],"54":[0,0],"55":[5,4],"56":[5,4],"57":[0,4],"58":[5,4],"59":[5,4,4],"60":[5,5],"61":[5,5],"62":[5,5,5],"63":[0,3],"64":[3,0],"65":[3,0],"66":[1,2],"67":[1,0],"68":[1,0],"69":[1,1],"70":[1,1],"71":[3,0],"72":[1,6],"73":[7,6],"74":[1,5],"75":[1,4],"76":[1,3],"77":[1,2],"78":[1,1],"79":[1,0,1,0,0],"80":[1,0],"81":[1,0],"82":[1,0],"83":[0,1],"84":[1,0],"85":[0,1],"86":[0,0],"87":[0,0],"88":[0,0],"89":[1,0],"90":[0,1],"91":[1,0],"92":[1,0],"93":[1,0],"94":[0,0],"95":[0,0],"96":[0,0],"97":[0,0],"98":[0,0],"99":[0,0],"100":[0,0],"101":[0,0],"102":[0,0],"103":[1,0],"104":[1,0],"105":[1,0],"106":[0,1],"107":[0,0],"108":[0,0],"109":[1,0],"110":[0,0],"111":[0,0],"112":[0,0],"113":[0,0],"114":[0,0],"115":[0,0],"116":[0,0],"117":[1,0,1,0,0],"118":[1,0],"119":[0,1],"120":[1,0],"121":[0,0],"122":[0,1],"123":[1,0],"124":[1,0],"125":[0,0],"126":[0,0],"127":[0,0],"128":[0,0],"129":[0,0],"130":[1,0],"131":[1,0],"132":[0,1],"133":[0,0],"134":[0,0],"135":[1,0,1,0,0],"136":[1,0],"137":[0,1],"138":[1,0],"139":[0,0],"140":[0,1],"141":[1,0],"142":[1,0],"143":[0,0],"144":[0,0],"145":[0,0],"146":[0,0],"147":[0,0],"148":[1,0],"149":[1,0],"150":[0,1],"151":[0,0],"152":[0,0],"153":[0,2],"154":[1,1],"155":[2,1],"156":[0,1],"157":[1,0],"158":[1,0],"159":[1,0],"160":[0,1],"161":[0,0],"162":[1,0],"163":[1,0,0],"164":[1,0],"165":[0,1],"166":[0,1],"167":[0,0],"168":[0,0],"169":[1,0],"170":[1,0],"171":[0,1],"172":[0,1],"173":[1,0],"174":[1,0],"175":[0,1],"176":[0,0],"177":[0,0],"178":[1,0],"179":[1,0],"180":[1,0],"181":[0,0],"182":[0,0],"183":[0,0],"184":[0,0],"185":[0,0],"186":[0,0],"187":[0,0,0],"188":[0,0],"189":[0,0],"190":[0],"191":[0,0],"192":[0,0],"193":[0,0,0],"194":[0,0],"195":[0,0],"196":[0,0,0],"197":[0,0],"198":[0,0],"199":[0,0],"200":[0,0,0],"201":[0,0],"202":[0,0],"203":[0,0],"204":[0,0],"205":[0,0],"206":[0,0],"207":[0,0],"208":[0,0,0,0,0],"209":[0,0],"210":[0,0],"211":[0,0],"212":[0,0]},"_coverageSchema":"1a1c01bbd47fc00a2c39e90264f33305004495a9","hash":"b2baf9b78f914ceff91f740478dd1bb08aed875a"}
,"/app/database.js": {"path":"/app/database.js","statementMap":{"0":{"start":{"line":1,"column":17},"end":{"line":1,"column":42}},"1":{"start":{"line":2,"column":17},"end":{"line":2,"column":37}},"2":{"start":{"line":3,"column":13},"end":{"line":3,"column":28}},"3":{"start":{"line":4,"column":11},"end":{"line":4,"column":24}},"4":{"start":{"line":6,"column":14},"end":{"line":6,"column":42}},"5":{"start":{"line":7,"column":0},"end":{"line":9,"column":1}},"6":{"start":{"line":8,"column":2},"end":{"line":8,"column":22}},"7":{"start":{"line":11,"column":11},"end":{"line":11,"column":54}},"8":{"start":{"line":13,"column":23},"end":{"line":13,"column":93}},"9":{"start":{"line":17,"column":2},"end":{"line":27,"column":5}},"10":{"start":{"line":30,"column":2},"end":{"line":35,"column":3}},"11":{"start":{"line":31,"column":4},"end":{"line":31,"column":78}},"12":{"start":{"line":33,"column":4},"end":{"line":33,"column":77}},"13":{"start":{"line":34,"column":4},"end":{"line":34,"column":67}},"14":{"start":{"line":37,"column":2},"end":{"line":37,"column":68}},"15":{"start":{"line":42,"column":2},"end":{"line":42,"column":63}},"16":{"start":{"line":46,"column":16},"end":{"line":46,"column":64}},"17":{"start":{"line":47,"column":2},"end":{"line":47,"column":43}},"18":{"start":{"line":52,"column":25},"end":{"line":52,"column":43}},"19":{"start":{"line":53,"column":15},"end":{"line":55,"column":3}},"20":{"start":{"line":56,"column":2},"end":{"line":65,"column":3}},"21":{"start":{"line":57,"column":4},"end":{"line":57,"column":74}},"22":{"start":{"line":58,"column":4},"end":{"line":58,"column":29}},"23":{"start":{"line":60,"column":4},"end":{"line":62,"column":5}},"24":{"start":{"line":61,"column":6},"end":{"line":61,"column":68}},"25":{"start":{"line":63,"column":4},"end":{"line":63,"column":61}},"26":{"start":{"line":64,"column":4},"end":{"line":64,"column":55}},"27":{"start":{"line":69,"column":2},"end":{"line":82,"column":3}},"28":{"start":{"line":70,"column":17},"end":{"line":70,"column":83}},"29":{"start":{"line":71,"column":16},"end":{"line":71,"column":35}},"30":{"start":{"line":72,"column":4},"end":{"line":74,"column":5}},"31":{"start":{"line":73,"column":6},"end":{"line":73,"column":18}},"32":{"start":{"line":75,"column":4},"end":{"line":78,"column":6}},"33":{"start":{"line":80,"column":4},"end":{"line":80,"column":61}},"34":{"start":{"line":81,"column":4},"end":{"line":81,"column":16}},"35":{"start":{"line":85,"column":0},"end":{"line":89,"column":2}}},"fnMap":{"0":{"name":"initializeDatabase","decl":{"start":{"line":16,"column":9},"end":{"line":16,"column":27}},"loc":{"start":{"line":16,"column":30},"end":{"line":38,"column":1}},"line":16},"1":{"name":"encrypt","decl":{"start":{"line":41,"column":9},"end":{"line":41,"column":16}},"loc":{"start":{"line":41,"column":23},"end":{"line":43,"column":1}},"line":41},"2":{"name":"decrypt","decl":{"start":{"line":45,"column":9},"end":{"line":45,"column":16}},"loc":{"start":{"line":45,"column":29},"end":{"line":48,"column":1}},"line":45},"3":{"name":"addCloudflareConfig","decl":{"start":{"line":51,"column":9},"end":{"line":51,"column":28}},"loc":{"start":{"line":51,"column":89},"end":{"line":66,"column":1}},"line":51},"4":{"name":"getCloudflareConfig","decl":{"start":{"line":68,"column":9},"end":{"line":68,"column":28}},"loc":{"start":{"line":68,"column":40},"end":{"line":83,"column":1}},"line":68}},"branchMap":{"0":{"loc":{"start":{"line":7,"column":0},"end":{"line":9,"column":1}},"type":"if","locations":[{"start":{"line":7,"column":0},"end":{"line":9,"column":1}},{"start":{},"end":{}}],"line":7},"1":{"loc":{"start":{"line":13,"column":23},"end":{"line":13,"column":93}},"type":"binary-expr","locations":[{"start":{"line":13,"column":23},"end":{"line":13,"column":49}},{"start":{"line":13,"column":53},"end":{"line":13,"column":93}}],"line":13},"2":{"loc":{"start":{"line":60,"column":4},"end":{"line":62,"column":5}},"type":"if","locations":[{"start":{"line":60,"column":4},"end":{"line":62,"column":5}},{"start":{},"end":{}}],"line":60},"3":{"loc":{"start":{"line":72,"column":4},"end":{"line":74,"column":5}},"type":"if","locations":[{"start":{"line":72,"column":4},"end":{"line":74,"column":5}},{"start":{},"end":{}}],"line":72}},"s":{"0":1,"1":1,"2":1,"3":1,"4":1,"5":1,"6":0,"7":1,"8":1,"9":4,"10":4,"11":4,"12":0,"13":0,"14":4,"15":3,"16":1,"17":1,"18":3,"19":3,"20":3,"21":3,"22":2,"23":1,"24":1,"25":0,"26":0,"27":2,"28":2,"29":2,"30":2,"31":1,"32":1,"33":0,"34":0,"35":1},"f":{"0":4,"1":3,"2":1,"3":3,"4":2},"b":{"0":[0,1],"1":[1,1],"2":[1,0],"3":[1,1]},"_coverageSchema":"1a1c01bbd47fc00a2c39e90264f33305004495a9","hash":"1992843979573121304cda5c93abfee59e4936c3"}
}
