TN:
SF:converter.js
FN:9,(anonymous_0)
FN:15,(anonymous_1)
FN:32,(anonymous_2)
FN:33,(anonymous_3)
FN:34,(anonymous_4)
FN:35,(anonymous_5)
FN:36,(anonymous_6)
FN:43,(anonymous_7)
FN:79,(anonymous_8)
FN:84,(anonymous_9)
FN:88,(anonymous_10)
FN:97,parseVLESS
FN:118,(anonymous_12)
FN:158,parseVMess
FN:201,parseTrojan
FN:245,(anonymous_15)
FN:282,parseSS
FN:348,parseAnyLink
FN:366,toClash
FN:382,(anonymous_19)
FN:412,(anonymous_20)
FN:430,(anonymous_21)
FN:454,(anonymous_22)
FN:489,toSurge
FN:543,toQuantumult
FN:595,toSingBox
FN:629,(anonymous_26)
FN:629,(anonymous_27)
FN:664,(anonymous_28)
FN:664,(anonymous_29)
FN:683,extractLinks
FN:692,(anonymous_31)
FN:692,(anonymous_32)
FN:705,(anonymous_33)
FN:715,processLinks
FN:755,handleGenericConvertRequest
FN:772,(anonymous_36)
FN:790,(anonymous_37)
FN:791,(anonymous_38)
FN:802,handleGenericRawRequest
FN:818,(anonymous_40)
FN:822,(anonymous_41)
FN:823,(anonymous_42)
FN:837,(anonymous_43)
FN:838,(anonymous_44)
FN:850,(anonymous_45)
FN:856,(anonymous_46)
FN:862,(anonymous_47)
FN:863,(anonymous_48)
FN:864,(anonymous_49)
FN:865,(anonymous_50)
FN:867,getTemplateInfo
FN:879,generateConfigByFormat
FN:880,(anonymous_53)
FN:896,generateClashConfig
FN:898,(anonymous_55)
FN:899,(anonymous_56)
FN:907,generateSurgeConfig
FN:909,(anonymous_58)
FN:910,(anonymous_59)
FN:917,generateQuantumultConfig
FN:919,(anonymous_61)
FN:920,(anonymous_62)
FN:927,generateSingBoxConfig
FN:928,(anonymous_64)
FN:929,(anonymous_65)
FN:941,parseProxyConfig
FN:945,(anonymous_67)
FN:966,(anonymous_68)
FNF:69
FNH:17
FNDA:2,(anonymous_0)
FNDA:2,(anonymous_1)
FNDA:0,(anonymous_2)
FNDA:0,(anonymous_3)
FNDA:0,(anonymous_4)
FNDA:0,(anonymous_5)
FNDA:0,(anonymous_6)
FNDA:0,(anonymous_7)
FNDA:0,(anonymous_8)
FNDA:0,(anonymous_9)
FNDA:0,(anonymous_10)
FNDA:4,parseVLESS
FNDA:5,(anonymous_12)
FNDA:3,parseVMess
FNDA:6,parseTrojan
FNDA:4,(anonymous_15)
FNDA:3,parseSS
FNDA:7,parseAnyLink
FNDA:2,toClash
FNDA:0,(anonymous_19)
FNDA:0,(anonymous_20)
FNDA:2,(anonymous_21)
FNDA:0,(anonymous_22)
FNDA:2,toSurge
FNDA:2,toQuantumult
FNDA:2,toSingBox
FNDA:0,(anonymous_26)
FNDA:0,(anonymous_27)
FNDA:2,(anonymous_28)
FNDA:2,(anonymous_29)
FNDA:0,extractLinks
FNDA:0,(anonymous_31)
FNDA:0,(anonymous_32)
FNDA:0,(anonymous_33)
FNDA:0,processLinks
FNDA:0,handleGenericConvertRequest
FNDA:0,(anonymous_36)
FNDA:0,(anonymous_37)
FNDA:0,(anonymous_38)
FNDA:0,handleGenericRawRequest
FNDA:0,(anonymous_40)
FNDA:0,(anonymous_41)
FNDA:0,(anonymous_42)
FNDA:0,(anonymous_43)
FNDA:0,(anonymous_44)
FNDA:0,(anonymous_45)
FNDA:0,(anonymous_46)
FNDA:0,(anonymous_47)
FNDA:0,(anonymous_48)
FNDA:0,(anonymous_49)
FNDA:0,(anonymous_50)
FNDA:0,getTemplateInfo
FNDA:0,generateConfigByFormat
FNDA:0,(anonymous_53)
FNDA:0,generateClashConfig
FNDA:0,(anonymous_55)
FNDA:0,(anonymous_56)
FNDA:0,generateSurgeConfig
FNDA:0,(anonymous_58)
FNDA:0,(anonymous_59)
FNDA:0,generateQuantumultConfig
FNDA:0,(anonymous_61)
FNDA:0,(anonymous_62)
FNDA:0,generateSingBoxConfig
FNDA:0,(anonymous_64)
FNDA:0,(anonymous_65)
FNDA:0,parseProxyConfig
FNDA:0,(anonymous_67)
FNDA:2,(anonymous_68)
DA:1,2
DA:2,2
DA:3,2
DA:4,2
DA:5,2
DA:10,2
DA:11,2
DA:12,2
DA:16,2
DA:18,2
DA:19,2
DA:20,0
DA:23,0
DA:25,0
DA:27,0
DA:28,0
DA:33,0
DA:34,0
DA:35,0
DA:36,0
DA:37,0
DA:38,0
DA:44,0
DA:45,0
DA:46,0
DA:49,0
DA:55,0
DA:56,0
DA:58,0
DA:59,0
DA:60,0
DA:61,0
DA:63,0
DA:64,0
DA:66,0
DA:69,0
DA:70,0
DA:71,0
DA:75,0
DA:80,0
DA:81,0
DA:85,0
DA:89,0
DA:94,2
DA:98,4
DA:99,1
DA:102,3
DA:103,3
DA:104,3
DA:106,3
DA:107,3
DA:109,3
DA:110,3
DA:112,3
DA:113,2
DA:114,2
DA:115,2
DA:117,2
DA:118,2
DA:119,5
DA:120,5
DA:121,5
DA:127,3
DA:128,3
DA:129,2
DA:130,2
DA:132,0
DA:133,0
DA:137,3
DA:159,3
DA:160,0
DA:163,3
DA:165,3
DA:166,3
DA:167,3
DA:169,2
DA:170,2
DA:171,2
DA:172,2
DA:174,0
DA:175,0
DA:179,2
DA:197,1
DA:202,6
DA:203,0
DA:206,6
DA:207,6
DA:208,6
DA:210,6
DA:211,6
DA:212,6
DA:214,6
DA:215,2
DA:216,4
DA:217,1
DA:218,1
DA:219,3
DA:220,3
DA:221,3
DA:223,0
DA:224,0
DA:225,0
DA:226,0
DA:228,0
DA:232,6
DA:233,6
DA:234,1
DA:237,5
DA:238,5
DA:239,5
DA:240,0
DA:243,5
DA:244,5
DA:245,1
DA:246,4
DA:247,4
DA:248,4
DA:249,4
DA:255,5
DA:256,5
DA:257,3
DA:258,3
DA:260,0
DA:261,0
DA:265,5
DA:283,3
DA:284,0
DA:287,3
DA:288,3
DA:289,3
DA:291,3
DA:292,3
DA:293,3
DA:294,3
DA:296,3
DA:297,3
DA:298,3
DA:299,3
DA:300,3
DA:301,3
DA:302,3
DA:304,0
DA:307,3
DA:308,3
DA:309,3
DA:310,3
DA:312,3
DA:313,1
DA:314,1
DA:315,1
DA:316,1
DA:317,1
DA:318,1
DA:320,1
DA:321,1
DA:324,3
DA:325,3
DA:326,3
DA:327,3
DA:329,0
DA:330,0
DA:334,3
DA:349,7
DA:350,1
DA:353,6
DA:354,1
DA:357,5
DA:358,4
DA:359,3
DA:360,2
DA:362,1
DA:367,2
DA:376,2
DA:378,1
DA:379,1
DA:380,1
DA:381,1
DA:382,1
DA:383,1
DA:385,1
DA:386,0
DA:387,0
DA:388,0
DA:389,0
DA:390,1
DA:391,1
DA:394,1
DA:395,1
DA:396,1
DA:397,1
DA:398,1
DA:400,0
DA:401,0
DA:403,1
DA:406,0
DA:407,0
DA:408,0
DA:409,0
DA:410,0
DA:411,0
DA:412,0
DA:413,0
DA:415,0
DA:416,0
DA:417,0
DA:418,0
DA:419,0
DA:421,0
DA:422,0
DA:424,0
DA:427,1
DA:428,1
DA:429,1
DA:430,2
DA:431,1
DA:434,1
DA:435,0
DA:436,0
DA:437,0
DA:438,0
DA:440,1
DA:442,1
DA:444,1
DA:447,0
DA:448,0
DA:449,0
DA:450,0
DA:452,0
DA:453,0
DA:454,0
DA:455,0
DA:456,0
DA:457,0
DA:458,0
DA:459,0
DA:460,0
DA:461,0
DA:467,0
DA:468,0
DA:469,0
DA:471,0
DA:477,0
DA:480,0
DA:486,2
DA:490,2
DA:492,1
DA:493,1
DA:494,1
DA:495,1
DA:496,1
DA:497,0
DA:498,0
DA:500,1
DA:501,1
DA:502,1
DA:503,1
DA:505,1
DA:508,0
DA:509,0
DA:510,0
DA:511,0
DA:512,0
DA:514,0
DA:515,0
DA:516,0
DA:518,0
DA:521,1
DA:522,1
DA:523,1
DA:524,1
DA:525,1
DA:526,0
DA:527,0
DA:529,1
DA:532,0
DA:533,0
DA:535,0
DA:539,0
DA:544,2
DA:546,1
DA:547,1
DA:548,1
DA:549,1
DA:550,1
DA:551,0
DA:552,0
DA:554,1
DA:555,1
DA:556,1
DA:557,1
DA:559,1
DA:562,0
DA:563,0
DA:564,0
DA:565,0
DA:566,0
DA:568,0
DA:569,0
DA:570,0
DA:572,0
DA:575,1
DA:576,1
DA:577,1
DA:578,1
DA:579,1
DA:580,0
DA:581,0
DA:583,1
DA:586,0
DA:587,0
DA:588,0
DA:591,0
DA:596,2
DA:603,2
DA:604,1
DA:605,1
DA:607,1
DA:608,1
DA:615,1
DA:616,0
DA:622,1
DA:623,1
DA:628,1
DA:629,0
DA:631,1
DA:632,0
DA:633,0
DA:634,0
DA:635,1
DA:636,1
DA:637,1
DA:640,0
DA:642,1
DA:643,0
DA:646,1
DA:647,1
DA:649,1
DA:650,0
DA:657,1
DA:663,1
DA:664,2
DA:667,0
DA:668,0
DA:669,0
DA:671,0
DA:672,0
DA:673,0
DA:674,0
DA:679,2
DA:684,0
DA:685,0
DA:687,0
DA:688,0
DA:689,0
DA:692,0
DA:693,0
DA:695,0
DA:696,0
DA:697,0
DA:698,0
DA:699,0
DA:701,0
DA:705,0
DA:706,0
DA:708,0
DA:709,0
DA:712,0
DA:716,0
DA:718,0
DA:719,0
DA:721,0
DA:722,0
DA:723,0
DA:724,0
DA:726,0
DA:732,0
DA:739,0
DA:746,0
DA:747,0
DA:751,0
DA:756,0
DA:757,0
DA:759,0
DA:760,0
DA:765,0
DA:766,0
DA:767,0
DA:768,0
DA:771,0
DA:772,0
DA:774,0
DA:775,0
DA:777,0
DA:784,0
DA:785,0
DA:786,0
DA:787,0
DA:789,0
DA:790,0
DA:791,0
DA:794,0
DA:797,0
DA:798,0
DA:803,0
DA:805,0
DA:806,0
DA:811,0
DA:812,0
DA:813,0
DA:814,0
DA:817,0
DA:818,0
DA:820,0
DA:821,0
DA:822,0
DA:824,0
DA:825,0
DA:827,0
DA:832,0
DA:833,0
DA:834,0
DA:836,0
DA:837,0
DA:838,0
DA:841,0
DA:844,0
DA:845,0
DA:850,2
DA:851,0
DA:852,0
DA:853,0
DA:856,2
DA:857,0
DA:858,0
DA:859,0
DA:862,2
DA:863,2
DA:864,2
DA:865,2
DA:868,0
DA:869,0
DA:871,0
DA:872,0
DA:875,0
DA:880,0
DA:882,0
DA:884,0
DA:886,0
DA:888,0
DA:890,0
DA:892,0
DA:897,0
DA:898,0
DA:899,0
DA:904,0
DA:908,0
DA:909,0
DA:910,0
DA:914,0
DA:918,0
DA:919,0
DA:920,0
DA:924,0
DA:928,0
DA:929,0
DA:931,0
DA:938,0
DA:942,0
DA:943,0
DA:945,0
DA:946,0
DA:947,0
DA:948,0
DA:949,0
DA:950,0
DA:951,0
DA:953,0
DA:954,0
DA:955,0
DA:956,0
DA:962,0
DA:966,2
DA:967,2
DA:968,2
DA:969,0
DA:971,0
DA:972,0
DA:977,2
LF:488
LH:214
BRDA:37,0,0,0
BRDA:37,0,1,0
BRDA:45,1,0,0
BRDA:45,1,1,0
BRDA:55,2,0,0
BRDA:55,2,1,0
BRDA:69,3,0,0
BRDA:69,3,1,0
BRDA:85,4,0,0
BRDA:85,4,1,0
BRDA:89,5,0,0
BRDA:89,5,1,0
BRDA:98,6,0,1
BRDA:98,6,1,3
BRDA:112,7,0,2
BRDA:112,7,1,1
BRDA:115,8,0,2
BRDA:115,8,1,0
BRDA:117,9,0,2
BRDA:117,9,1,0
BRDA:120,10,0,5
BRDA:120,10,1,0
BRDA:121,11,0,5
BRDA:121,11,1,0
BRDA:128,12,0,2
BRDA:128,12,1,1
BRDA:142,13,0,3
BRDA:142,13,1,2
BRDA:143,14,0,3
BRDA:143,14,1,3
BRDA:144,15,0,3
BRDA:144,15,1,2
BRDA:145,16,0,3
BRDA:145,16,1,2
BRDA:145,17,0,0
BRDA:145,17,1,2
BRDA:146,18,0,3
BRDA:146,18,1,2
BRDA:147,19,0,3
BRDA:147,19,1,2
BRDA:147,19,2,1
BRDA:148,20,0,3
BRDA:148,20,1,3
BRDA:149,21,0,3
BRDA:149,21,1,3
BRDA:150,22,0,3
BRDA:150,22,1,3
BRDA:151,23,0,3
BRDA:151,23,1,3
BRDA:152,24,0,3
BRDA:152,24,1,3
BRDA:153,25,0,3
BRDA:153,25,1,3
BRDA:153,25,2,3
BRDA:159,26,0,0
BRDA:159,26,1,3
BRDA:170,27,0,2
BRDA:170,27,1,0
BRDA:184,28,0,2
BRDA:184,28,1,2
BRDA:185,29,0,2
BRDA:185,29,1,2
BRDA:185,29,2,2
BRDA:186,30,0,2
BRDA:186,30,1,0
BRDA:187,31,0,2
BRDA:187,31,1,1
BRDA:188,32,0,2
BRDA:188,32,1,1
BRDA:188,33,0,0
BRDA:188,33,1,1
BRDA:189,34,0,2
BRDA:189,34,1,1
BRDA:190,35,0,2
BRDA:190,35,1,1
BRDA:190,35,2,1
BRDA:192,36,0,2
BRDA:192,36,1,2
BRDA:193,37,0,2
BRDA:193,37,1,2
BRDA:202,38,0,0
BRDA:202,38,1,6
BRDA:214,39,0,2
BRDA:214,39,1,4
BRDA:214,40,0,6
BRDA:214,40,1,5
BRDA:216,41,0,1
BRDA:216,41,1,3
BRDA:216,42,0,4
BRDA:216,42,1,1
BRDA:219,43,0,3
BRDA:219,43,1,0
BRDA:219,44,0,3
BRDA:219,44,1,3
BRDA:224,45,0,0
BRDA:224,45,1,0
BRDA:233,46,0,1
BRDA:233,46,1,5
BRDA:233,47,0,6
BRDA:233,47,1,6
BRDA:239,48,0,0
BRDA:239,48,1,5
BRDA:244,49,0,1
BRDA:244,49,1,4
BRDA:246,50,0,4
BRDA:246,50,1,0
BRDA:247,51,0,0
BRDA:248,52,0,4
BRDA:248,52,1,0
BRDA:256,53,0,3
BRDA:256,53,1,2
BRDA:261,54,0,0
BRDA:261,54,1,0
BRDA:271,55,0,5
BRDA:271,55,1,4
BRDA:272,56,0,5
BRDA:272,56,1,4
BRDA:272,57,0,0
BRDA:272,57,1,4
BRDA:273,58,0,5
BRDA:273,58,1,4
BRDA:274,59,0,5
BRDA:274,59,1,4
BRDA:274,59,2,4
BRDA:275,60,0,5
BRDA:275,60,1,5
BRDA:276,61,0,5
BRDA:276,61,1,5
BRDA:277,62,0,5
BRDA:277,62,1,5
BRDA:277,62,2,5
BRDA:283,63,0,0
BRDA:283,63,1,3
BRDA:288,64,0,3
BRDA:288,64,1,0
BRDA:289,65,0,3
BRDA:289,65,1,0
BRDA:312,66,0,1
BRDA:312,66,1,2
BRDA:314,67,0,1
BRDA:314,67,1,0
BRDA:315,68,0,1
BRDA:315,68,1,0
BRDA:320,69,0,1
BRDA:320,69,1,1
BRDA:321,70,0,1
BRDA:321,70,1,1
BRDA:325,71,0,3
BRDA:325,71,1,0
BRDA:349,72,0,1
BRDA:349,72,1,6
BRDA:349,73,0,7
BRDA:349,73,1,6
BRDA:353,74,0,1
BRDA:353,74,1,5
BRDA:357,75,0,1
BRDA:357,75,1,4
BRDA:358,76,0,1
BRDA:358,76,1,3
BRDA:359,77,0,1
BRDA:359,77,1,2
BRDA:360,78,0,1
BRDA:360,78,1,1
BRDA:376,79,0,1
BRDA:376,79,1,0
BRDA:376,79,2,1
BRDA:376,79,3,0
BRDA:376,79,4,0
BRDA:379,80,0,1
BRDA:379,80,1,0
BRDA:380,81,0,1
BRDA:380,81,1,0
BRDA:381,82,0,1
BRDA:381,82,1,0
BRDA:382,83,0,0
BRDA:382,83,1,1
BRDA:383,84,0,1
BRDA:383,84,1,0
BRDA:385,85,0,0
BRDA:385,85,1,1
BRDA:387,86,0,0
BRDA:387,86,1,0
BRDA:388,87,0,0
BRDA:388,87,1,0
BRDA:389,88,0,0
BRDA:389,88,1,0
BRDA:390,89,0,1
BRDA:390,89,1,0
BRDA:391,90,0,0
BRDA:391,90,1,1
BRDA:394,91,0,1
BRDA:394,91,1,0
BRDA:396,92,0,1
BRDA:396,92,1,0
BRDA:397,93,0,1
BRDA:397,93,1,0
BRDA:400,94,0,0
BRDA:400,94,1,0
BRDA:410,95,0,0
BRDA:410,95,1,0
BRDA:411,96,0,0
BRDA:411,96,1,0
BRDA:412,97,0,0
BRDA:412,97,1,0
BRDA:413,98,0,0
BRDA:413,98,1,0
BRDA:415,99,0,0
BRDA:415,99,1,0
BRDA:417,100,0,0
BRDA:417,100,1,0
BRDA:418,101,0,0
BRDA:418,101,1,0
BRDA:421,102,0,0
BRDA:421,102,1,0
BRDA:429,103,0,1
BRDA:429,103,1,0
BRDA:430,104,0,1
BRDA:430,104,1,0
BRDA:431,105,0,1
BRDA:431,105,1,0
BRDA:434,106,0,0
BRDA:434,106,1,1
BRDA:436,107,0,0
BRDA:436,107,1,0
BRDA:437,108,0,0
BRDA:437,108,1,0
BRDA:440,109,0,1
BRDA:440,109,1,0
BRDA:449,110,0,0
BRDA:449,110,1,0
BRDA:453,111,0,0
BRDA:453,111,1,0
BRDA:455,112,0,0
BRDA:455,112,1,0
BRDA:458,113,0,0
BRDA:458,113,1,0
BRDA:460,114,0,0
BRDA:460,114,1,0
BRDA:467,115,0,0
BRDA:467,115,1,0
BRDA:469,116,0,0
BRDA:469,116,1,0
BRDA:490,117,0,1
BRDA:490,117,1,0
BRDA:490,117,2,1
BRDA:490,117,3,0
BRDA:490,117,4,0
BRDA:493,118,0,1
BRDA:493,118,1,0
BRDA:495,119,0,0
BRDA:495,119,1,1
BRDA:496,120,0,1
BRDA:496,120,1,0
BRDA:497,121,0,0
BRDA:497,121,1,0
BRDA:500,122,0,0
BRDA:500,122,1,1
BRDA:501,123,0,1
BRDA:501,123,1,0
BRDA:503,124,0,1
BRDA:503,124,1,0
BRDA:509,125,0,0
BRDA:509,125,1,0
BRDA:511,126,0,0
BRDA:511,126,1,0
BRDA:512,127,0,0
BRDA:512,127,1,0
BRDA:514,128,0,0
BRDA:514,128,1,0
BRDA:516,129,0,0
BRDA:516,129,1,0
BRDA:523,130,0,1
BRDA:523,130,1,0
BRDA:524,131,0,1
BRDA:524,131,1,0
BRDA:525,132,0,0
BRDA:525,132,1,1
BRDA:527,133,0,0
BRDA:527,133,1,0
BRDA:532,134,0,0
BRDA:532,134,1,0
BRDA:544,135,0,1
BRDA:544,135,1,0
BRDA:544,135,2,1
BRDA:544,135,3,0
BRDA:544,135,4,0
BRDA:547,136,0,1
BRDA:547,136,1,0
BRDA:549,137,0,0
BRDA:549,137,1,1
BRDA:550,138,0,1
BRDA:550,138,1,0
BRDA:551,139,0,0
BRDA:551,139,1,0
BRDA:554,140,0,0
BRDA:554,140,1,1
BRDA:555,141,0,1
BRDA:555,141,1,0
BRDA:557,142,0,1
BRDA:557,142,1,0
BRDA:563,143,0,0
BRDA:563,143,1,0
BRDA:565,144,0,0
BRDA:565,144,1,0
BRDA:566,145,0,0
BRDA:566,145,1,0
BRDA:568,146,0,0
BRDA:568,146,1,0
BRDA:570,147,0,0
BRDA:570,147,1,0
BRDA:577,148,0,1
BRDA:577,148,1,0
BRDA:578,149,0,1
BRDA:578,149,1,0
BRDA:579,150,0,0
BRDA:579,150,1,1
BRDA:581,151,0,0
BRDA:581,151,1,0
BRDA:587,152,0,0
BRDA:587,152,1,0
BRDA:598,153,0,0
BRDA:598,153,1,2
BRDA:603,154,0,1
BRDA:603,154,1,1
BRDA:603,155,0,2
BRDA:603,155,1,1
BRDA:605,156,0,0
BRDA:605,156,1,1
BRDA:607,157,0,1
BRDA:607,157,1,0
BRDA:610,158,0,1
BRDA:610,158,1,0
BRDA:611,159,0,1
BRDA:611,159,1,0
BRDA:615,160,0,0
BRDA:615,160,1,1
BRDA:618,161,0,0
BRDA:618,161,1,0
BRDA:622,162,0,1
BRDA:622,162,1,0
BRDA:622,163,0,1
BRDA:622,163,1,0
BRDA:622,163,2,0
BRDA:625,164,0,1
BRDA:625,164,1,0
BRDA:628,165,0,0
BRDA:628,165,1,1
BRDA:631,166,0,0
BRDA:631,166,1,1
BRDA:632,167,0,0
BRDA:632,167,1,0
BRDA:634,168,0,0
BRDA:634,168,1,0
BRDA:635,169,0,1
BRDA:635,169,1,0
BRDA:636,170,0,1
BRDA:636,170,1,0
BRDA:637,171,0,0
BRDA:637,171,1,1
BRDA:642,172,0,0
BRDA:642,172,1,1
BRDA:642,173,0,1
BRDA:642,173,1,0
BRDA:646,174,0,1
BRDA:646,174,1,0
BRDA:649,175,0,0
BRDA:649,175,1,1
BRDA:652,176,0,0
BRDA:652,176,1,0
BRDA:653,177,0,0
BRDA:653,177,1,0
BRDA:659,178,0,1
BRDA:659,178,1,0
BRDA:661,179,0,1
BRDA:661,179,1,0
BRDA:663,180,0,1
BRDA:663,180,1,0
BRDA:667,181,0,0
BRDA:667,181,1,0
BRDA:671,182,0,0
BRDA:671,182,1,0
BRDA:673,183,0,0
BRDA:673,183,1,0
BRDA:687,184,0,0
BRDA:687,184,1,0
BRDA:687,185,0,0
BRDA:687,185,1,0
BRDA:697,186,0,0
BRDA:697,186,1,0
BRDA:697,187,0,0
BRDA:697,187,1,0
BRDA:697,187,2,0
BRDA:705,188,0,0
BRDA:705,188,1,0
BRDA:708,189,0,0
BRDA:708,189,1,0
BRDA:715,190,0,0
BRDA:723,191,0,0
BRDA:723,191,1,0
BRDA:729,192,0,0
BRDA:729,192,1,0
BRDA:757,193,0,0
BRDA:757,193,1,0
BRDA:757,193,2,0
BRDA:759,194,0,0
BRDA:759,194,1,0
BRDA:767,195,0,0
BRDA:767,195,1,0
BRDA:767,196,0,0
BRDA:767,196,1,0
BRDA:767,196,2,0
BRDA:774,197,0,0
BRDA:774,197,1,0
BRDA:805,198,0,0
BRDA:805,198,1,0
BRDA:813,199,0,0
BRDA:813,199,1,0
BRDA:813,200,0,0
BRDA:813,200,1,0
BRDA:813,200,2,0
BRDA:820,201,0,0
BRDA:820,201,1,0
BRDA:823,202,0,0
BRDA:823,202,1,0
BRDA:824,203,0,0
BRDA:824,203,1,0
BRDA:852,204,0,0
BRDA:852,204,1,0
BRDA:858,205,0,0
BRDA:858,205,1,0
BRDA:858,206,0,0
BRDA:858,206,1,0
BRDA:871,207,0,0
BRDA:871,207,1,0
BRDA:882,208,0,0
BRDA:882,208,1,0
BRDA:882,208,2,0
BRDA:882,208,3,0
BRDA:882,208,4,0
BRDA:947,209,0,0
BRDA:947,209,1,0
BRDA:947,210,0,0
BRDA:947,210,1,0
BRDA:948,211,0,0
BRDA:948,211,1,0
BRDA:954,212,0,0
BRDA:954,212,1,0
BRF:447
BRH:190
end_of_record
TN:
SF:database.js
FN:16,initializeDatabase
FN:41,encrypt
FN:45,decrypt
FN:51,addCloudflareConfig
FN:68,getCloudflareConfig
FNF:5
FNH:5
FNDA:4,initializeDatabase
FNDA:3,encrypt
FNDA:1,decrypt
FNDA:3,addCloudflareConfig
FNDA:2,getCloudflareConfig
DA:1,1
DA:2,1
DA:3,1
DA:4,1
DA:6,1
DA:7,1
DA:8,0
DA:11,1
DA:13,1
DA:17,4
DA:30,4
DA:31,4
DA:33,0
DA:34,0
DA:37,4
DA:42,3
DA:46,1
DA:47,1
DA:52,3
DA:53,3
DA:56,3
DA:57,3
DA:58,2
DA:60,1
DA:61,1
DA:63,0
DA:64,0
DA:69,2
DA:70,2
DA:71,2
DA:72,2
DA:73,1
DA:75,1
DA:80,0
DA:81,0
DA:85,1
LF:36
LH:29
BRDA:7,0,0,0
BRDA:7,0,1,1
BRDA:13,1,0,1
BRDA:13,1,1,1
BRDA:60,2,0,1
BRDA:60,2,1,0
BRDA:72,3,0,1
BRDA:72,3,1,1
BRF:8
BRH:6
end_of_record
